This file contains any messages produced by compilers while
running configure, to aid debugging if configure makes a mistake.

It was created by ESPRESSO configure 4.0, which was
generated by GNU Autoconf 2.59.  Invocation command line was

  $ ./configure 

## --------- ##
## Platform. ##
## --------- ##

hostname = matajur.fisica.uniud.it
uname -m = x86_64
uname -r = 2.6.18-53.1.14.el5
uname -s = Linux
uname -v = #1 SMP Wed Mar 5 10:08:25 EST 2008

/usr/bin/uname -p = unknown
/bin/uname -X     = unknown

/bin/arch              = x86_64
/usr/bin/arch -k       = unknown
/usr/convex/getsysinfo = unknown
hostinfo               = unknown
/bin/machine           = unknown
/usr/bin/oslevel       = unknown
/bin/universe          = unknown

PATH: /usr/local/XCrySDen-pre1.5bbin-semishared
PATH: /opt/intel/cce/10.1.015/bin
PATH: /opt/intel/fce/10.1.008/bin
PATH: /usr/kerberos/bin
PATH: /usr/local/bin
PATH: /bin
PATH: /usr/bin
PATH: /usr/local/XCrySDen-pre1.5bbin-semishared/scripts
PATH: /usr/local/XCrySDen-pre1.5bbin-semishared/util
PATH: /home/giannozz/bin


## ----------- ##
## Core tests. ##
## ----------- ##

configure:1398: checking build system type
configure:1416: result: x86_64-unknown-linux-gnu
configure:1624: checking for ifort
configure:1640: found /opt/intel/fce/10.1.008/bin/ifort
configure:1650: result: ifort
configure:1665: checking for Fortran 77 compiler version
configure:1668: ifort --version </dev/null >&5
ifort (IFORT) 10.1 20070913
Copyright (C) 1985-2007 Intel Corporation.  All rights reserved.

configure:1671: $? = 0
configure:1673: ifort -v </dev/null >&5
Version 10.1 
configure:1676: $? = 0
configure:1678: ifort -V </dev/null >&5
Intel(R) Fortran Compiler for applications running on Intel(R) 64, Version 10.1    Build 20070913 Package ID: l_fc_p_10.1.008
Copyright (C) 1985-2007 Intel Corporation.  All rights reserved.
FOR NON-COMMERCIAL USE ONLY

configure:1681: $? = 0
configure:1695: checking for Fortran 77 compiler default output file name
configure:1698: ifort   conftest.f  >&5
configure:1701: $? = 0
configure:1747: result: a.out
configure:1752: checking whether the Fortran 77 compiler works
configure:1778: result: yes
configure:1785: checking whether we are cross compiling
configure:1787: result: yes
configure:1790: checking for suffix of executables
configure:1792: ifort -o conftest   conftest.f  >&5
configure:1795: $? = 0
configure:1820: result: 
configure:1826: checking for suffix of object files
configure:1837: ifort -c  conftest.f >&5
configure:1840: $? = 0
configure:1862: result: o
configure:1870: checking whether we are using the GNU Fortran 77 compiler
configure:1884: ifort -c  conftest.F >&5
fortcom: Error: conftest.F, line 3: Syntax error, found END-OF-STATEMENT when expecting one of: => = . ( : %
       choke me
---------------^
fortcom: Error: conftest.F, line 3: This statement is positioned incorrectly and/or has syntax errors.
       choke me
---------------^
compilation aborted for conftest.F (code 1)
configure:1890: $? = 1
configure: failed program was:
|       program main
| #ifndef __GNUC__
|        choke me
| #endif
| 
|       end
configure:1916: result: no
configure:1922: checking whether ifort accepts -g
configure:1934: ifort -c -g conftest.f >&5
configure:1940: $? = 0
configure:1944: test -z 
			 || test ! -s conftest.err
configure:1947: $? = 0
configure:1950: test -s conftest.o
configure:1953: $? = 0
configure:1965: result: yes
configure:2052: checking for mpif90
configure:2068: found /usr/local/bin/mpif90
configure:2078: result: mpif90
configure:2093: checking for Fortran 77 compiler version
configure:2096: mpif90 --version </dev/null >&5
ifort (IFORT) 10.1 20070913
Copyright (C) 1985-2007 Intel Corporation.  All rights reserved.

configure:2099: $? = 0
configure:2101: mpif90 -v </dev/null >&5
Version 10.1 
configure:2104: $? = 0
configure:2106: mpif90 -V </dev/null >&5
Intel(R) Fortran Compiler for applications running on Intel(R) 64, Version 10.1    Build 20070913 Package ID: l_fc_p_10.1.008
Copyright (C) 1985-2007 Intel Corporation.  All rights reserved.
FOR NON-COMMERCIAL USE ONLY

configure:2109: $? = 0
configure:2117: checking whether we are using the GNU Fortran 77 compiler
configure:2131: mpif90 -c -g conftest.F >&5
fortcom: Error: conftest.F, line 3: Syntax error, found END-OF-STATEMENT when expecting one of: => = . ( : %
       choke me
---------------^
fortcom: Error: conftest.F, line 3: This statement is positioned incorrectly and/or has syntax errors.
       choke me
---------------^
compilation aborted for conftest.F (code 1)
configure:2137: $? = 1
configure: failed program was:
|       program main
| #ifndef __GNUC__
|        choke me
| #endif
| 
|       end
configure:2163: result: no
configure:2169: checking whether mpif90 accepts -g
configure:2181: mpif90 -c -g conftest.f >&5
configure:2187: $? = 0
configure:2191: test -z 
			 || test ! -s conftest.err
configure:2194: $? = 0
configure:2197: test -s conftest.o
configure:2200: $? = 0
configure:2212: result: yes
configure:2437: checking for icc
configure:2453: found /opt/intel/cce/10.1.015/bin/icc
configure:2463: result: icc
configure:2484: checking for C compiler version
configure:2487: icc --version </dev/null >&5
icc (ICC) 10.1 20080312
Copyright (C) 1985-2008 Intel Corporation.  All rights reserved.

configure:2490: $? = 0
configure:2492: icc -v </dev/null >&5
Version 10.1 
configure:2495: $? = 0
configure:2497: icc -V </dev/null >&5
Intel(R) C Compiler for applications running on Intel(R) 64, Version 10.1    Build 20080312 Package ID: l_cc_p_10.1.015
Copyright (C) 1985-2008 Intel Corporation.  All rights reserved.
FOR NON-COMMERCIAL USE ONLY

configure:2500: $? = 0
configure:2503: checking whether we are using the GNU C compiler
configure:2527: icc -c   conftest.c >&5
configure:2533: $? = 0
configure:2537: test -z 
			 || test ! -s conftest.err
configure:2540: $? = 0
configure:2543: test -s conftest.o
configure:2546: $? = 0
configure:2559: result: yes
configure:2565: checking whether icc accepts -g
configure:2586: icc -c -g  conftest.c >&5
configure:2592: $? = 0
configure:2596: test -z 
			 || test ! -s conftest.err
configure:2599: $? = 0
configure:2602: test -s conftest.o
configure:2605: $? = 0
configure:2616: result: yes
configure:2633: checking for icc option to accept ANSI C
configure:2703: icc  -c -g -O2  conftest.c >&5
configure:2709: $? = 0
configure:2713: test -z 
			 || test ! -s conftest.err
configure:2716: $? = 0
configure:2719: test -s conftest.o
configure:2722: $? = 0
configure:2740: result: none needed
configure:2758: icc -c -g -O2  conftest.c >&5
conftest.c(2): error: identifier "choke" is undefined
    choke me
    ^

conftest.c(3): error: expected a ";"

compilation aborted for conftest.c (code 2)
configure:2764: $? = 2
configure: failed program was:
| #ifndef __cplusplus
|   choke me
| #endif
configure:2910: checking how to run the C preprocessor
configure:2945: icc -E  conftest.c
configure:2951: $? = 0
configure:2983: icc -E  conftest.c
conftest.c(9): error #5: could not open source file "ac_nonexistent.h"
  #include <ac_nonexistent.h>
                             ^

configure:2989: $? = 2
configure: failed program was:
| /* confdefs.h.  */
| 
| #define PACKAGE_NAME "ESPRESSO"
| #define PACKAGE_TARNAME "espresso"
| #define PACKAGE_VERSION "4.0"
| #define PACKAGE_STRING "ESPRESSO 4.0"
| #define PACKAGE_BUGREPORT ""
| /* end confdefs.h.  */
| #include <ac_nonexistent.h>
configure:3028: result: icc -E
configure:3052: icc -E  conftest.c
configure:3058: $? = 0
configure:3090: icc -E  conftest.c
conftest.c(9): error #5: could not open source file "ac_nonexistent.h"
  #include <ac_nonexistent.h>
                             ^

configure:3096: $? = 2
configure: failed program was:
| /* confdefs.h.  */
| 
| #define PACKAGE_NAME "ESPRESSO"
| #define PACKAGE_TARNAME "espresso"
| #define PACKAGE_VERSION "4.0"
| #define PACKAGE_STRING "ESPRESSO 4.0"
| #define PACKAGE_BUGREPORT ""
| /* end confdefs.h.  */
| #include <ac_nonexistent.h>
configure:3140: checking for egrep
configure:3150: result: grep -E
configure:3155: checking for ANSI C header files
configure:3180: icc -c -g -O2  conftest.c >&5
configure:3186: $? = 0
configure:3190: test -z 
			 || test ! -s conftest.err
configure:3193: $? = 0
configure:3196: test -s conftest.o
configure:3199: $? = 0
configure:3311: result: yes
configure:3335: checking for sys/types.h
configure:3351: icc -c -g -O2  conftest.c >&5
configure:3357: $? = 0
configure:3361: test -z 
			 || test ! -s conftest.err
configure:3364: $? = 0
configure:3367: test -s conftest.o
configure:3370: $? = 0
configure:3381: result: yes
configure:3335: checking for sys/stat.h
configure:3351: icc -c -g -O2  conftest.c >&5
configure:3357: $? = 0
configure:3361: test -z 
			 || test ! -s conftest.err
configure:3364: $? = 0
configure:3367: test -s conftest.o
configure:3370: $? = 0
configure:3381: result: yes
configure:3335: checking for stdlib.h
configure:3351: icc -c -g -O2  conftest.c >&5
configure:3357: $? = 0
configure:3361: test -z 
			 || test ! -s conftest.err
configure:3364: $? = 0
configure:3367: test -s conftest.o
configure:3370: $? = 0
configure:3381: result: yes
configure:3335: checking for string.h
configure:3351: icc -c -g -O2  conftest.c >&5
configure:3357: $? = 0
configure:3361: test -z 
			 || test ! -s conftest.err
configure:3364: $? = 0
configure:3367: test -s conftest.o
configure:3370: $? = 0
configure:3381: result: yes
configure:3335: checking for memory.h
configure:3351: icc -c -g -O2  conftest.c >&5
configure:3357: $? = 0
configure:3361: test -z 
			 || test ! -s conftest.err
configure:3364: $? = 0
configure:3367: test -s conftest.o
configure:3370: $? = 0
configure:3381: result: yes
configure:3335: checking for strings.h
configure:3351: icc -c -g -O2  conftest.c >&5
configure:3357: $? = 0
configure:3361: test -z 
			 || test ! -s conftest.err
configure:3364: $? = 0
configure:3367: test -s conftest.o
configure:3370: $? = 0
configure:3381: result: yes
configure:3335: checking for inttypes.h
configure:3351: icc -c -g -O2  conftest.c >&5
configure:3357: $? = 0
configure:3361: test -z 
			 || test ! -s conftest.err
configure:3364: $? = 0
configure:3367: test -s conftest.o
configure:3370: $? = 0
configure:3381: result: yes
configure:3335: checking for stdint.h
configure:3351: icc -c -g -O2  conftest.c >&5
configure:3357: $? = 0
configure:3361: test -z 
			 || test ! -s conftest.err
configure:3364: $? = 0
configure:3367: test -s conftest.o
configure:3370: $? = 0
configure:3381: result: yes
configure:3335: checking for unistd.h
configure:3351: icc -c -g -O2  conftest.c >&5
configure:3357: $? = 0
configure:3361: test -z 
			 || test ! -s conftest.err
configure:3364: $? = 0
configure:3367: test -s conftest.o
configure:3370: $? = 0
configure:3381: result: yes
configure:3393: checking for int *
configure:3417: icc -c -g -O2  conftest.c >&5
conftest.c(56): warning #279: controlling expression is constant
  if ((int * *) 0)
      ^

configure:3423: $? = 0
configure:3427: test -z 
			 || test ! -s conftest.err
configure:3430: $? = 0
configure:3433: test -s conftest.o
configure:3436: $? = 0
configure:3447: result: yes
configure:3450: checking size of int *
configure:3480: icc -c -g -O2  conftest.c >&5
configure:3486: $? = 0
configure:3490: test -z 
			 || test ! -s conftest.err
configure:3493: $? = 0
configure:3496: test -s conftest.o
configure:3499: $? = 0
configure:3521: icc -c -g -O2  conftest.c >&5
conftest.c(56): error: the size of an array must be greater than zero
  static int test_array [1 - 2 * !(((long) (sizeof (int *))) <= 0)];
                         ^

compilation aborted for conftest.c (code 2)
configure:3527: $? = 2
configure: failed program was:
| /* confdefs.h.  */
| 
| #define PACKAGE_NAME "ESPRESSO"
| #define PACKAGE_TARNAME "espresso"
| #define PACKAGE_VERSION "4.0"
| #define PACKAGE_STRING "ESPRESSO 4.0"
| #define PACKAGE_BUGREPORT ""
| #define STDC_HEADERS 1
| #define HAVE_SYS_TYPES_H 1
| #define HAVE_SYS_STAT_H 1
| #define HAVE_STDLIB_H 1
| #define HAVE_STRING_H 1
| #define HAVE_MEMORY_H 1
| #define HAVE_STRINGS_H 1
| #define HAVE_INTTYPES_H 1
| #define HAVE_STDINT_H 1
| #define HAVE_UNISTD_H 1
| /* end confdefs.h.  */
| #include <stdio.h>
| #if HAVE_SYS_TYPES_H
| # include <sys/types.h>
| #endif
| #if HAVE_SYS_STAT_H
| # include <sys/stat.h>
| #endif
| #if STDC_HEADERS
| # include <stdlib.h>
| # include <stddef.h>
| #else
| # if HAVE_STDLIB_H
| #  include <stdlib.h>
| # endif
| #endif
| #if HAVE_STRING_H
| # if !STDC_HEADERS && HAVE_MEMORY_H
| #  include <memory.h>
| # endif
| # include <string.h>
| #endif
| #if HAVE_STRINGS_H
| # include <strings.h>
| #endif
| #if HAVE_INTTYPES_H
| # include <inttypes.h>
| #else
| # if HAVE_STDINT_H
| #  include <stdint.h>
| # endif
| #endif
| #if HAVE_UNISTD_H
| # include <unistd.h>
| #endif
| int
| main ()
| {
| static int test_array [1 - 2 * !(((long) (sizeof (int *))) <= 0)];
| test_array [0] = 0
| 
|   ;
|   return 0;
| }
configure:3521: icc -c -g -O2  conftest.c >&5
conftest.c(56): error: the size of an array must be greater than zero
  static int test_array [1 - 2 * !(((long) (sizeof (int *))) <= 1)];
                         ^

compilation aborted for conftest.c (code 2)
configure:3527: $? = 2
configure: failed program was:
| /* confdefs.h.  */
| 
| #define PACKAGE_NAME "ESPRESSO"
| #define PACKAGE_TARNAME "espresso"
| #define PACKAGE_VERSION "4.0"
| #define PACKAGE_STRING "ESPRESSO 4.0"
| #define PACKAGE_BUGREPORT ""
| #define STDC_HEADERS 1
| #define HAVE_SYS_TYPES_H 1
| #define HAVE_SYS_STAT_H 1
| #define HAVE_STDLIB_H 1
| #define HAVE_STRING_H 1
| #define HAVE_MEMORY_H 1
| #define HAVE_STRINGS_H 1
| #define HAVE_INTTYPES_H 1
| #define HAVE_STDINT_H 1
| #define HAVE_UNISTD_H 1
| /* end confdefs.h.  */
| #include <stdio.h>
| #if HAVE_SYS_TYPES_H
| # include <sys/types.h>
| #endif
| #if HAVE_SYS_STAT_H
| # include <sys/stat.h>
| #endif
| #if STDC_HEADERS
| # include <stdlib.h>
| # include <stddef.h>
| #else
| # if HAVE_STDLIB_H
| #  include <stdlib.h>
| # endif
| #endif
| #if HAVE_STRING_H
| # if !STDC_HEADERS && HAVE_MEMORY_H
| #  include <memory.h>
| # endif
| # include <string.h>
| #endif
| #if HAVE_STRINGS_H
| # include <strings.h>
| #endif
| #if HAVE_INTTYPES_H
| # include <inttypes.h>
| #else
| # if HAVE_STDINT_H
| #  include <stdint.h>
| # endif
| #endif
| #if HAVE_UNISTD_H
| # include <unistd.h>
| #endif
| int
| main ()
| {
| static int test_array [1 - 2 * !(((long) (sizeof (int *))) <= 1)];
| test_array [0] = 0
| 
|   ;
|   return 0;
| }
configure:3521: icc -c -g -O2  conftest.c >&5
conftest.c(56): error: the size of an array must be greater than zero
  static int test_array [1 - 2 * !(((long) (sizeof (int *))) <= 3)];
                         ^

compilation aborted for conftest.c (code 2)
configure:3527: $? = 2
configure: failed program was:
| /* confdefs.h.  */
| 
| #define PACKAGE_NAME "ESPRESSO"
| #define PACKAGE_TARNAME "espresso"
| #define PACKAGE_VERSION "4.0"
| #define PACKAGE_STRING "ESPRESSO 4.0"
| #define PACKAGE_BUGREPORT ""
| #define STDC_HEADERS 1
| #define HAVE_SYS_TYPES_H 1
| #define HAVE_SYS_STAT_H 1
| #define HAVE_STDLIB_H 1
| #define HAVE_STRING_H 1
| #define HAVE_MEMORY_H 1
| #define HAVE_STRINGS_H 1
| #define HAVE_INTTYPES_H 1
| #define HAVE_STDINT_H 1
| #define HAVE_UNISTD_H 1
| /* end confdefs.h.  */
| #include <stdio.h>
| #if HAVE_SYS_TYPES_H
| # include <sys/types.h>
| #endif
| #if HAVE_SYS_STAT_H
| # include <sys/stat.h>
| #endif
| #if STDC_HEADERS
| # include <stdlib.h>
| # include <stddef.h>
| #else
| # if HAVE_STDLIB_H
| #  include <stdlib.h>
| # endif
| #endif
| #if HAVE_STRING_H
| # if !STDC_HEADERS && HAVE_MEMORY_H
| #  include <memory.h>
| # endif
| # include <string.h>
| #endif
| #if HAVE_STRINGS_H
| # include <strings.h>
| #endif
| #if HAVE_INTTYPES_H
| # include <inttypes.h>
| #else
| # if HAVE_STDINT_H
| #  include <stdint.h>
| # endif
| #endif
| #if HAVE_UNISTD_H
| # include <unistd.h>
| #endif
| int
| main ()
| {
| static int test_array [1 - 2 * !(((long) (sizeof (int *))) <= 3)];
| test_array [0] = 0
| 
|   ;
|   return 0;
| }
configure:3521: icc -c -g -O2  conftest.c >&5
conftest.c(56): error: the size of an array must be greater than zero
  static int test_array [1 - 2 * !(((long) (sizeof (int *))) <= 7)];
                         ^

compilation aborted for conftest.c (code 2)
configure:3527: $? = 2
configure: failed program was:
| /* confdefs.h.  */
| 
| #define PACKAGE_NAME "ESPRESSO"
| #define PACKAGE_TARNAME "espresso"
| #define PACKAGE_VERSION "4.0"
| #define PACKAGE_STRING "ESPRESSO 4.0"
| #define PACKAGE_BUGREPORT ""
| #define STDC_HEADERS 1
| #define HAVE_SYS_TYPES_H 1
| #define HAVE_SYS_STAT_H 1
| #define HAVE_STDLIB_H 1
| #define HAVE_STRING_H 1
| #define HAVE_MEMORY_H 1
| #define HAVE_STRINGS_H 1
| #define HAVE_INTTYPES_H 1
| #define HAVE_STDINT_H 1
| #define HAVE_UNISTD_H 1
| /* end confdefs.h.  */
| #include <stdio.h>
| #if HAVE_SYS_TYPES_H
| # include <sys/types.h>
| #endif
| #if HAVE_SYS_STAT_H
| # include <sys/stat.h>
| #endif
| #if STDC_HEADERS
| # include <stdlib.h>
| # include <stddef.h>
| #else
| # if HAVE_STDLIB_H
| #  include <stdlib.h>
| # endif
| #endif
| #if HAVE_STRING_H
| # if !STDC_HEADERS && HAVE_MEMORY_H
| #  include <memory.h>
| # endif
| # include <string.h>
| #endif
| #if HAVE_STRINGS_H
| # include <strings.h>
| #endif
| #if HAVE_INTTYPES_H
| # include <inttypes.h>
| #else
| # if HAVE_STDINT_H
| #  include <stdint.h>
| # endif
| #endif
| #if HAVE_UNISTD_H
| # include <unistd.h>
| #endif
| int
| main ()
| {
| static int test_array [1 - 2 * !(((long) (sizeof (int *))) <= 7)];
| test_array [0] = 0
| 
|   ;
|   return 0;
| }
configure:3521: icc -c -g -O2  conftest.c >&5
configure:3527: $? = 0
configure:3531: test -z 
			 || test ! -s conftest.err
configure:3534: $? = 0
configure:3537: test -s conftest.o
configure:3540: $? = 0
configure:3684: icc -c -g -O2  conftest.c >&5
configure:3690: $? = 0
configure:3694: test -z 
			 || test ! -s conftest.err
configure:3697: $? = 0
configure:3700: test -s conftest.o
configure:3703: $? = 0
configure:3684: icc -c -g -O2  conftest.c >&5
configure:3690: $? = 0
configure:3694: test -z 
			 || test ! -s conftest.err
configure:3697: $? = 0
configure:3700: test -s conftest.o
configure:3703: $? = 0
configure:3684: icc -c -g -O2  conftest.c >&5
configure:3690: $? = 0
configure:3694: test -z 
			 || test ! -s conftest.err
configure:3697: $? = 0
configure:3700: test -s conftest.o
configure:3703: $? = 0
configure:3800: result: 8
configure:3823: checking malloc.h usability
configure:3835: icc -c -g -O2  conftest.c >&5
configure:3841: $? = 0
configure:3845: test -z 
			 || test ! -s conftest.err
configure:3848: $? = 0
configure:3851: test -s conftest.o
configure:3854: $? = 0
configure:3864: result: yes
configure:3868: checking malloc.h presence
configure:3878: icc -E  conftest.c
configure:3884: $? = 0
configure:3904: result: yes
configure:3939: checking for malloc.h
configure:3946: result: yes
configure:3959: checking for struct mallinfo.arena
configure:3983: icc -c -g -O2  conftest.c >&5
configure:3989: $? = 0
configure:3993: test -z 
			 || test ! -s conftest.err
configure:3996: $? = 0
configure:3999: test -s conftest.o
configure:4002: $? = 0
configure:4060: result: yes
configure:4128: checking for ifort
configure:4144: found /opt/intel/fce/10.1.008/bin/ifort
configure:4154: result: ifort
configure:4169: checking for Fortran 77 compiler version
configure:4172: ifort --version </dev/null >&5
ifort (IFORT) 10.1 20070913
Copyright (C) 1985-2007 Intel Corporation.  All rights reserved.

configure:4175: $? = 0
configure:4177: ifort -v </dev/null >&5
Version 10.1 
configure:4180: $? = 0
configure:4182: ifort -V </dev/null >&5
Intel(R) Fortran Compiler for applications running on Intel(R) 64, Version 10.1    Build 20070913 Package ID: l_fc_p_10.1.008
Copyright (C) 1985-2007 Intel Corporation.  All rights reserved.
FOR NON-COMMERCIAL USE ONLY

configure:4185: $? = 0
configure:4193: checking whether we are using the GNU Fortran 77 compiler
configure:4207: ifort -c -g conftest.F >&5
fortcom: Error: conftest.F, line 3: Syntax error, found END-OF-STATEMENT when expecting one of: => = . ( : %
       choke me
---------------^
fortcom: Error: conftest.F, line 3: This statement is positioned incorrectly and/or has syntax errors.
       choke me
---------------^
compilation aborted for conftest.F (code 1)
configure:4213: $? = 1
configure: failed program was:
|       program main
| #ifndef __GNUC__
|        choke me
| #endif
| 
|       end
configure:4239: result: no
configure:4245: checking whether ifort accepts -g
configure:4257: ifort -c -g conftest.f >&5
configure:4263: $? = 0
configure:4267: test -z 
			 || test ! -s conftest.err
configure:4270: $? = 0
configure:4273: test -s conftest.o
configure:4276: $? = 0
configure:4288: result: yes
configure:4592: checking whether make sets $(MAKE)
configure:4612: result: yes
configure:4652: checking how to get verbose linking output from ifort
configure:4663: ifort -c -g conftest.f >&5
configure:4669: $? = 0
configure:4673: test -z 
			 || test ! -s conftest.err
configure:4676: $? = 0
configure:4679: test -s conftest.o
configure:4682: $? = 0
configure:4699: ifort -o conftest -g -v  conftest.f  >&5
Version 10.1 
/opt/intel/fce/10.1.008/bin/fortcom    -D__INTEL_COMPILER=1010 -D_MT -D__ELF__ -D__INTEL_COMPILER_BUILD_DATE=20070913 -D__unix__ -D__unix -D__linux__ -D__linux -D__gnu_linux__ -Dunix -Dlinux -D__x86_64 -D__x86_64__ -mGLOB_pack_sort_init_list -I. -I/opt/intel/mkl/10.0.1.014/include -I/opt/intel/fce/10.1.008/include -I/opt/intel/fce/10.1.008/substitute_headers -I/usr/lib/gcc/x86_64-redhat-linux/4.1.2/include -I/usr/local/include -I/usr/include -I/usr/lib/gcc/x86_64-redhat-linux/4.1.2/include "-fp_modbits honor_f32_conversion" "-fp_modbits honor_f64_conversion" "-fp_modspec fp_speculation_SAFE" "-fp_legacy Op" -O0 -g2 -mP1OPT_version=1010 -mGLOB_source_language=GLOB_SOURCE_LANGUAGE_F90 -mGLOB_tune_for_fort -mGLOB_use_fort_dope_vector -mP2OPT_static_promotion -mP1OPT_print_version=FALSE -mP3OPT_use_mspp_call_convention -mCG_use_gas_got_workaround=F -mP2OPT_align_option_used=TRUE "-mGLOB_options_string=-o conftest -g -v" -mGLOB_cxx_limited_range=FALSE -mP2OPT_eh_nirvana -mGLOB_diag_file=/tmp/ifortdA14pD.diag -mP3OPT_emit_line_numbers -mP2OPT_suppress_unreferenced_locals=FALSE -mGLOB_debug_target=GLOB_DEBUG_TARGET_ALL -mGLOB_debug_format=GLOB_DEBUG_FORMAT_DWARF20 -mGLOB_as_output_backup_file_name=/tmp/ifort7DzO5das_.s -mGLOB_machine_model=GLOB_MACHINE_MODEL_EFI2 -mGLOB_maintain_errno -mGLOB_noinline_intrinsics -mGLOB_use_base_pointer -mGLOB_maintain_precision -mGLOB_fp_speculation=GLOB_FP_SPECULATION_SAFE -mP3OPT_honor_float_conversion=1 -mP3OPT_honor_double_conversion=1 -mGLOB_precision_mask=0xffffffff -mGLOB_extended_instructions=0x8 -mP2OPT_subs_out_of_bound=FALSE -mGLOB_ansi_alias -mIPOPT_ninl_limit=0 -mIPOPT_ninl_user_level=0 -mIPOPT_args_in_regs=0 -mPGOPTI_value_profile_use=T -mP2OPT_gen_linux_const_pooling=FALSE -mGLOB_opt_level=0 -mCG_emit_as_seg_grouping -mIPOPT_obj_output_file_name=/tmp/ifortdA14pD.o "-mGLOB_linker_version=2.17.50.0.6-5.el5 20061020" -mP3OPT_asm_target=P3OPT_ASM_TARGET_GAS -mGLOB_obj_output_file=/tmp/ifortdA14pD.o -mGLOB_source_dialect=GLOB_SOURCE_DIALECT_FORTRAN -mP1OPT_source_file_name=conftest.f conftest.f
ld    /usr/lib/gcc/x86_64-redhat-linux/4.1.2/../../../../lib64/crt1.o /usr/lib/gcc/x86_64-redhat-linux/4.1.2/../../../../lib64/crti.o /usr/lib/gcc/x86_64-redhat-linux/4.1.2/crtbegin.o --eh-frame-hdr -dynamic-linker /lib64/ld-linux-x86-64.so.2 -o conftest /opt/intel/fce/10.1.008/lib/for_main.o /tmp/ifortdA14pD.o -L/opt/intel/mkl/10.0.1.014/lib/em64t -L/opt/intel/fce/10.1.008/lib -L/usr/lib/gcc/x86_64-redhat-linux/4.1.2/ -L/usr/lib/gcc/x86_64-redhat-linux/4.1.2/../../../../lib64 -Bstatic -lifport -lifcore -limf -lsvml -Bdynamic -lm -Bstatic -lipgo -lirc -Bdynamic -lc -lgcc_s -lgcc -Bstatic -lirc_s -Bdynamic -ldl -lc /usr/lib/gcc/x86_64-redhat-linux/4.1.2/crtend.o /usr/lib/gcc/x86_64-redhat-linux/4.1.2/../../../../lib64/crtn.o
rm /tmp/ifortDp5NK2libgcc

rm /tmp/ifortxTnh5kgnudirs

rm /tmp/ifortsUiTKVgas

rm /tmp/ifort7DzO5das_.s

rm /tmp/ifortJbeKqwld_v

rm /tmp/ifortEGaNLOldashv

rm /tmp/iforto7f366arg

rm /tmp/ifortQbLZtpgnudirs

rm /tmp/ifortdA14pD.o
configure:4754: result: -v
configure:4756: checking for Fortran libraries of ifort
configure:4777: ifort -o conftest -g -v  conftest.f  >&5
Version 10.1 
/opt/intel/fce/10.1.008/bin/fortcom    -D__INTEL_COMPILER=1010 -D_MT -D__ELF__ -D__INTEL_COMPILER_BUILD_DATE=20070913 -D__unix__ -D__unix -D__linux__ -D__linux -D__gnu_linux__ -Dunix -Dlinux -D__x86_64 -D__x86_64__ -mGLOB_pack_sort_init_list -I. -I/opt/intel/mkl/10.0.1.014/include -I/opt/intel/fce/10.1.008/include -I/opt/intel/fce/10.1.008/substitute_headers -I/usr/lib/gcc/x86_64-redhat-linux/4.1.2/include -I/usr/local/include -I/usr/include -I/usr/lib/gcc/x86_64-redhat-linux/4.1.2/include "-fp_modbits honor_f32_conversion" "-fp_modbits honor_f64_conversion" "-fp_modspec fp_speculation_SAFE" "-fp_legacy Op" -O0 -g2 -mP1OPT_version=1010 -mGLOB_source_language=GLOB_SOURCE_LANGUAGE_F90 -mGLOB_tune_for_fort -mGLOB_use_fort_dope_vector -mP2OPT_static_promotion -mP1OPT_print_version=FALSE -mP3OPT_use_mspp_call_convention -mCG_use_gas_got_workaround=F -mP2OPT_align_option_used=TRUE "-mGLOB_options_string=-o conftest -g -v" -mGLOB_cxx_limited_range=FALSE -mP2OPT_eh_nirvana -mGLOB_diag_file=/tmp/ifortSGyeHI.diag -mP3OPT_emit_line_numbers -mP2OPT_suppress_unreferenced_locals=FALSE -mGLOB_debug_target=GLOB_DEBUG_TARGET_ALL -mGLOB_debug_format=GLOB_DEBUG_FORMAT_DWARF20 -mGLOB_as_output_backup_file_name=/tmp/ifortRjfTOjas_.s -mGLOB_machine_model=GLOB_MACHINE_MODEL_EFI2 -mGLOB_maintain_errno -mGLOB_noinline_intrinsics -mGLOB_use_base_pointer -mGLOB_maintain_precision -mGLOB_fp_speculation=GLOB_FP_SPECULATION_SAFE -mP3OPT_honor_float_conversion=1 -mP3OPT_honor_double_conversion=1 -mGLOB_precision_mask=0xffffffff -mGLOB_extended_instructions=0x8 -mP2OPT_subs_out_of_bound=FALSE -mGLOB_ansi_alias -mIPOPT_ninl_limit=0 -mIPOPT_ninl_user_level=0 -mIPOPT_args_in_regs=0 -mPGOPTI_value_profile_use=T -mP2OPT_gen_linux_const_pooling=FALSE -mGLOB_opt_level=0 -mCG_emit_as_seg_grouping -mIPOPT_obj_output_file_name=/tmp/ifortSGyeHI.o "-mGLOB_linker_version=2.17.50.0.6-5.el5 20061020" -mP3OPT_asm_target=P3OPT_ASM_TARGET_GAS -mGLOB_obj_output_file=/tmp/ifortSGyeHI.o -mGLOB_source_dialect=GLOB_SOURCE_DIALECT_FORTRAN -mP1OPT_source_file_name=conftest.f conftest.f
ld    /usr/lib/gcc/x86_64-redhat-linux/4.1.2/../../../../lib64/crt1.o /usr/lib/gcc/x86_64-redhat-linux/4.1.2/../../../../lib64/crti.o /usr/lib/gcc/x86_64-redhat-linux/4.1.2/crtbegin.o --eh-frame-hdr -dynamic-linker /lib64/ld-linux-x86-64.so.2 -o conftest /opt/intel/fce/10.1.008/lib/for_main.o /tmp/ifortSGyeHI.o -L/opt/intel/mkl/10.0.1.014/lib/em64t -L/opt/intel/fce/10.1.008/lib -L/usr/lib/gcc/x86_64-redhat-linux/4.1.2/ -L/usr/lib/gcc/x86_64-redhat-linux/4.1.2/../../../../lib64 -Bstatic -lifport -lifcore -limf -lsvml -Bdynamic -lm -Bstatic -lipgo -lirc -Bdynamic -lc -lgcc_s -lgcc -Bstatic -lirc_s -Bdynamic -ldl -lc /usr/lib/gcc/x86_64-redhat-linux/4.1.2/crtend.o /usr/lib/gcc/x86_64-redhat-linux/4.1.2/../../../../lib64/crtn.o
rm /tmp/ifortcIyVz7libgcc

rm /tmp/ifort84Mt8pgnudirs

rm /tmp/ifortxw3Zf1gas

rm /tmp/ifortRjfTOjas_.s

rm /tmp/ifortRYWMnCld_v

rm /tmp/ifortetMOWUldashv

rm /tmp/ifort7re5vdarg

rm /tmp/ifortgSyT7vgnudirs

rm /tmp/ifortSGyeHI.o
configure:4938: result:  -L/opt/intel/mkl/10.0.1.014/lib/em64t -L/opt/intel/fce/10.1.008/lib -L/usr/lib/gcc/x86_64-redhat-linux/4.1.2/ -L/usr/lib/gcc/x86_64-redhat-linux/4.1.2/../../../../lib64 -lifport -lifcore -limf -lsvml -lm -lipgo -lirc -lgcc_s -lirc_s -ldl
configure:4954: checking for dummy main to link with Fortran libraries
configure:4993: icc -o conftest -g -O2   conftest.c   -L/opt/intel/mkl/10.0.1.014/lib/em64t -L/opt/intel/fce/10.1.008/lib -L/usr/lib/gcc/x86_64-redhat-linux/4.1.2/ -L/usr/lib/gcc/x86_64-redhat-linux/4.1.2/../../../../lib64 -lifport -lifcore -limf -lsvml -lm -lipgo -lirc -lgcc_s -lirc_s -ldl >&5
configure:4999: $? = 0
configure:5003: test -z 
			 || test ! -s conftest.err
configure:5006: $? = 0
configure:5009: test -s conftest
configure:5012: $? = 0
configure:5090: result: none
configure:5127: checking for Fortran name-mangling scheme
configure:5141: ifort -c -g conftest.f >&5
configure:5147: $? = 0
configure:5151: test -z 
			 || test ! -s conftest.err
configure:5154: $? = 0
configure:5157: test -s conftest.o
configure:5160: $? = 0
configure:5207: icc -o conftest -g -O2   conftest.c cfortran_test.o   -L/opt/intel/mkl/10.0.1.014/lib/em64t -L/opt/intel/fce/10.1.008/lib -L/usr/lib/gcc/x86_64-redhat-linux/4.1.2/ -L/usr/lib/gcc/x86_64-redhat-linux/4.1.2/../../../../lib64 -lifport -lifcore -limf -lsvml -lm -lipgo -lirc -lgcc_s -lirc_s -ldl >&5
/tmp/iccIOKDJ3.o: In function `main':
/home/giannozz/espressostable/espresso-4.0.1/conftest.c:40: undefined reference to `foobar'
configure:5213: $? = 1
configure: failed program was:
| /* confdefs.h.  */
| 
| #define PACKAGE_NAME "ESPRESSO"
| #define PACKAGE_TARNAME "espresso"
| #define PACKAGE_VERSION "4.0"
| #define PACKAGE_STRING "ESPRESSO 4.0"
| #define PACKAGE_BUGREPORT ""
| #define STDC_HEADERS 1
| #define HAVE_SYS_TYPES_H 1
| #define HAVE_SYS_STAT_H 1
| #define HAVE_STDLIB_H 1
| #define HAVE_STRING_H 1
| #define HAVE_MEMORY_H 1
| #define HAVE_STRINGS_H 1
| #define HAVE_INTTYPES_H 1
| #define HAVE_STDINT_H 1
| #define HAVE_UNISTD_H 1
| #define SIZEOF_INT_P 8
| #define HAVE_MALLINFO 1
| /* end confdefs.h.  */
| 
| /* Override any gcc2 internal prototype to avoid an error.  */
| #ifdef __cplusplus
| extern "C"
| #endif
| /* We use char because int might match the return type of a gcc2
|    builtin and then its argument prototype would still apply.  */
| char foobar ();
| #ifdef F77_DUMMY_MAIN
| 
| #  ifdef __cplusplus
|      extern "C"
| #  endif
|    int F77_DUMMY_MAIN() { return 1; }
| 
| #endif
| int
| main ()
| {
| foobar ();
|   ;
|   return 0;
| }
configure:5207: icc -o conftest -g -O2   conftest.c cfortran_test.o   -L/opt/intel/mkl/10.0.1.014/lib/em64t -L/opt/intel/fce/10.1.008/lib -L/usr/lib/gcc/x86_64-redhat-linux/4.1.2/ -L/usr/lib/gcc/x86_64-redhat-linux/4.1.2/../../../../lib64 -lifport -lifcore -limf -lsvml -lm -lipgo -lirc -lgcc_s -lirc_s -ldl >&5
configure:5213: $? = 0
configure:5217: test -z 
			 || test ! -s conftest.err
configure:5220: $? = 0
configure:5223: test -s conftest
configure:5226: $? = 0
configure:5294: icc -o conftest -g -O2   conftest.c cfortran_test.o   -L/opt/intel/mkl/10.0.1.014/lib/em64t -L/opt/intel/fce/10.1.008/lib -L/usr/lib/gcc/x86_64-redhat-linux/4.1.2/ -L/usr/lib/gcc/x86_64-redhat-linux/4.1.2/../../../../lib64 -lifport -lifcore -limf -lsvml -lm -lipgo -lirc -lgcc_s -lirc_s -ldl >&5
configure:5300: $? = 0
configure:5304: test -z 
			 || test ! -s conftest.err
configure:5307: $? = 0
configure:5310: test -s conftest
configure:5313: $? = 0
configure:5363: result: lower case, underscore, no extra underscore
configure:5958: checking for library containing dgemm
configure:5971: ifort -o conftest -O2 -assume byterecl  -nomodule -i-static -openmp   conftest.f   >&5
/tmp/ifortOwfma8.o: In function `MAIN__':
conftest.f:(.text+0x43): undefined reference to `dgemm_'
configure:5977: $? = 1
configure: failed program was:
|       program main
|       call dgemm
|       end
configure:6009: ifort -o conftest -O2 -assume byterecl  -nomodule -i-static -openmp   conftest.f -lmkl_em64t    >&5
configure:6015: $? = 0
configure:6019: test -z 
			 || test ! -s conftest.err
configure:6022: $? = 0
configure:6025: test -s conftest
configure:6028: $? = 0
configure:6043: result: -lmkl_em64t
configure:7196: checking for library containing zggev
configure:7209: ifort -o conftest -O2 -assume byterecl  -nomodule -i-static -openmp  conftest.f   -lmkl_em64t   >&5
configure:7215: $? = 0
configure:7219: test -z 
			 || test ! -s conftest.err
configure:7222: $? = 0
configure:7225: test -s conftest
configure:7228: $? = 0
configure:7281: result: none required
configure:8472: checking for library containing fftwnd
configure:8510: icc -o conftest -O3 -O3   conftest.c  >&5
/tmp/iccLwVEsC.o: In function `main':
conftest.c:(.text+0x1d): undefined reference to `fftwnd'
configure:8516: $? = 1
configure: failed program was:
| /* confdefs.h.  */
| 
| #define PACKAGE_NAME "ESPRESSO"
| #define PACKAGE_TARNAME "espresso"
| #define PACKAGE_VERSION "4.0"
| #define PACKAGE_STRING "ESPRESSO 4.0"
| #define PACKAGE_BUGREPORT ""
| #define STDC_HEADERS 1
| #define HAVE_SYS_TYPES_H 1
| #define HAVE_SYS_STAT_H 1
| #define HAVE_STDLIB_H 1
| #define HAVE_STRING_H 1
| #define HAVE_MEMORY_H 1
| #define HAVE_STRINGS_H 1
| #define HAVE_INTTYPES_H 1
| #define HAVE_STDINT_H 1
| #define HAVE_UNISTD_H 1
| #define SIZEOF_INT_P 8
| #define HAVE_MALLINFO 1
| #define F77_FUNC(name,NAME) name ## _
| #define F77_FUNC_(name,NAME) name ## _
| /* end confdefs.h.  */
| 
| /* Override any gcc2 internal prototype to avoid an error.  */
| #ifdef __cplusplus
| extern "C"
| #endif
| /* We use char because int might match the return type of a gcc2
|    builtin and then its argument prototype would still apply.  */
| char fftwnd ();
| #ifdef F77_DUMMY_MAIN
| 
| #  ifdef __cplusplus
|      extern "C"
| #  endif
|    int F77_DUMMY_MAIN() { return 1; }
| 
| #endif
| int
| main ()
| {
| fftwnd ();
|   ;
|   return 0;
| }
configure:8573: icc -o conftest -O3 -O3   conftest.c -lfftw -lm  >&5
ld: cannot find -lfftw
configure:8579: $? = 1
configure: failed program was:
| /* confdefs.h.  */
| 
| #define PACKAGE_NAME "ESPRESSO"
| #define PACKAGE_TARNAME "espresso"
| #define PACKAGE_VERSION "4.0"
| #define PACKAGE_STRING "ESPRESSO 4.0"
| #define PACKAGE_BUGREPORT ""
| #define STDC_HEADERS 1
| #define HAVE_SYS_TYPES_H 1
| #define HAVE_SYS_STAT_H 1
| #define HAVE_STDLIB_H 1
| #define HAVE_STRING_H 1
| #define HAVE_MEMORY_H 1
| #define HAVE_STRINGS_H 1
| #define HAVE_INTTYPES_H 1
| #define HAVE_STDINT_H 1
| #define HAVE_UNISTD_H 1
| #define SIZEOF_INT_P 8
| #define HAVE_MALLINFO 1
| #define F77_FUNC(name,NAME) name ## _
| #define F77_FUNC_(name,NAME) name ## _
| /* end confdefs.h.  */
| 
| /* Override any gcc2 internal prototype to avoid an error.  */
| #ifdef __cplusplus
| extern "C"
| #endif
| /* We use char because int might match the return type of a gcc2
|    builtin and then its argument prototype would still apply.  */
| char fftwnd ();
| #ifdef F77_DUMMY_MAIN
| 
| #  ifdef __cplusplus
|      extern "C"
| #  endif
|    int F77_DUMMY_MAIN() { return 1; }
| 
| #endif
| int
| main ()
| {
| fftwnd ();
|   ;
|   return 0;
| }
configure:8607: result: no
configure:8472: checking for library containing fftwnd
configure:8510: icc -o conftest -O3 -O3  -L/usr/local/lib conftest.c  >&5
/tmp/icc9U86pL.o: In function `main':
conftest.c:(.text+0x1d): undefined reference to `fftwnd'
configure:8516: $? = 1
configure: failed program was:
| /* confdefs.h.  */
| 
| #define PACKAGE_NAME "ESPRESSO"
| #define PACKAGE_TARNAME "espresso"
| #define PACKAGE_VERSION "4.0"
| #define PACKAGE_STRING "ESPRESSO 4.0"
| #define PACKAGE_BUGREPORT ""
| #define STDC_HEADERS 1
| #define HAVE_SYS_TYPES_H 1
| #define HAVE_SYS_STAT_H 1
| #define HAVE_STDLIB_H 1
| #define HAVE_STRING_H 1
| #define HAVE_MEMORY_H 1
| #define HAVE_STRINGS_H 1
| #define HAVE_INTTYPES_H 1
| #define HAVE_STDINT_H 1
| #define HAVE_UNISTD_H 1
| #define SIZEOF_INT_P 8
| #define HAVE_MALLINFO 1
| #define F77_FUNC(name,NAME) name ## _
| #define F77_FUNC_(name,NAME) name ## _
| /* end confdefs.h.  */
| 
| /* Override any gcc2 internal prototype to avoid an error.  */
| #ifdef __cplusplus
| extern "C"
| #endif
| /* We use char because int might match the return type of a gcc2
|    builtin and then its argument prototype would still apply.  */
| char fftwnd ();
| #ifdef F77_DUMMY_MAIN
| 
| #  ifdef __cplusplus
|      extern "C"
| #  endif
|    int F77_DUMMY_MAIN() { return 1; }
| 
| #endif
| int
| main ()
| {
| fftwnd ();
|   ;
|   return 0;
| }
configure:8573: icc -o conftest -O3 -O3  -L/usr/local/lib conftest.c -lfftw -lm  >&5
ld: cannot find -lfftw
configure:8579: $? = 1
configure: failed program was:
| /* confdefs.h.  */
| 
| #define PACKAGE_NAME "ESPRESSO"
| #define PACKAGE_TARNAME "espresso"
| #define PACKAGE_VERSION "4.0"
| #define PACKAGE_STRING "ESPRESSO 4.0"
| #define PACKAGE_BUGREPORT ""
| #define STDC_HEADERS 1
| #define HAVE_SYS_TYPES_H 1
| #define HAVE_SYS_STAT_H 1
| #define HAVE_STDLIB_H 1
| #define HAVE_STRING_H 1
| #define HAVE_MEMORY_H 1
| #define HAVE_STRINGS_H 1
| #define HAVE_INTTYPES_H 1
| #define HAVE_STDINT_H 1
| #define HAVE_UNISTD_H 1
| #define SIZEOF_INT_P 8
| #define HAVE_MALLINFO 1
| #define F77_FUNC(name,NAME) name ## _
| #define F77_FUNC_(name,NAME) name ## _
| /* end confdefs.h.  */
| 
| /* Override any gcc2 internal prototype to avoid an error.  */
| #ifdef __cplusplus
| extern "C"
| #endif
| /* We use char because int might match the return type of a gcc2
|    builtin and then its argument prototype would still apply.  */
| char fftwnd ();
| #ifdef F77_DUMMY_MAIN
| 
| #  ifdef __cplusplus
|      extern "C"
| #  endif
|    int F77_DUMMY_MAIN() { return 1; }
| 
| #endif
| int
| main ()
| {
| fftwnd ();
|   ;
|   return 0;
| }
configure:8607: result: no
configure:8472: checking for library containing fftwnd
configure:8510: icc -o conftest -O3 -O3  -L/cineca/prod/intel/lib conftest.c  >&5
/tmp/iccJIHeER.o: In function `main':
conftest.c:(.text+0x1d): undefined reference to `fftwnd'
configure:8516: $? = 1
configure: failed program was:
| /* confdefs.h.  */
| 
| #define PACKAGE_NAME "ESPRESSO"
| #define PACKAGE_TARNAME "espresso"
| #define PACKAGE_VERSION "4.0"
| #define PACKAGE_STRING "ESPRESSO 4.0"
| #define PACKAGE_BUGREPORT ""
| #define STDC_HEADERS 1
| #define HAVE_SYS_TYPES_H 1
| #define HAVE_SYS_STAT_H 1
| #define HAVE_STDLIB_H 1
| #define HAVE_STRING_H 1
| #define HAVE_MEMORY_H 1
| #define HAVE_STRINGS_H 1
| #define HAVE_INTTYPES_H 1
| #define HAVE_STDINT_H 1
| #define HAVE_UNISTD_H 1
| #define SIZEOF_INT_P 8
| #define HAVE_MALLINFO 1
| #define F77_FUNC(name,NAME) name ## _
| #define F77_FUNC_(name,NAME) name ## _
| /* end confdefs.h.  */
| 
| /* Override any gcc2 internal prototype to avoid an error.  */
| #ifdef __cplusplus
| extern "C"
| #endif
| /* We use char because int might match the return type of a gcc2
|    builtin and then its argument prototype would still apply.  */
| char fftwnd ();
| #ifdef F77_DUMMY_MAIN
| 
| #  ifdef __cplusplus
|      extern "C"
| #  endif
|    int F77_DUMMY_MAIN() { return 1; }
| 
| #endif
| int
| main ()
| {
| fftwnd ();
|   ;
|   return 0;
| }
configure:8573: icc -o conftest -O3 -O3  -L/cineca/prod/intel/lib conftest.c -lfftw -lm  >&5
ld: cannot find -lfftw
configure:8579: $? = 1
configure: failed program was:
| /* confdefs.h.  */
| 
| #define PACKAGE_NAME "ESPRESSO"
| #define PACKAGE_TARNAME "espresso"
| #define PACKAGE_VERSION "4.0"
| #define PACKAGE_STRING "ESPRESSO 4.0"
| #define PACKAGE_BUGREPORT ""
| #define STDC_HEADERS 1
| #define HAVE_SYS_TYPES_H 1
| #define HAVE_SYS_STAT_H 1
| #define HAVE_STDLIB_H 1
| #define HAVE_STRING_H 1
| #define HAVE_MEMORY_H 1
| #define HAVE_STRINGS_H 1
| #define HAVE_INTTYPES_H 1
| #define HAVE_STDINT_H 1
| #define HAVE_UNISTD_H 1
| #define SIZEOF_INT_P 8
| #define HAVE_MALLINFO 1
| #define F77_FUNC(name,NAME) name ## _
| #define F77_FUNC_(name,NAME) name ## _
| /* end confdefs.h.  */
| 
| /* Override any gcc2 internal prototype to avoid an error.  */
| #ifdef __cplusplus
| extern "C"
| #endif
| /* We use char because int might match the return type of a gcc2
|    builtin and then its argument prototype would still apply.  */
| char fftwnd ();
| #ifdef F77_DUMMY_MAIN
| 
| #  ifdef __cplusplus
|      extern "C"
| #  endif
|    int F77_DUMMY_MAIN() { return 1; }
| 
| #endif
| int
| main ()
| {
| fftwnd ();
|   ;
|   return 0;
| }
configure:8607: result: no
configure:8472: checking for library containing fftwnd
configure:8510: icc -o conftest -O3 -O3  -L/opt/intel/cce/10.1.015/lib conftest.c  >&5
/tmp/iccCyYOO3.o: In function `main':
conftest.c:(.text+0x1d): undefined reference to `fftwnd'
configure:8516: $? = 1
configure: failed program was:
| /* confdefs.h.  */
| 
| #define PACKAGE_NAME "ESPRESSO"
| #define PACKAGE_TARNAME "espresso"
| #define PACKAGE_VERSION "4.0"
| #define PACKAGE_STRING "ESPRESSO 4.0"
| #define PACKAGE_BUGREPORT ""
| #define STDC_HEADERS 1
| #define HAVE_SYS_TYPES_H 1
| #define HAVE_SYS_STAT_H 1
| #define HAVE_STDLIB_H 1
| #define HAVE_STRING_H 1
| #define HAVE_MEMORY_H 1
| #define HAVE_STRINGS_H 1
| #define HAVE_INTTYPES_H 1
| #define HAVE_STDINT_H 1
| #define HAVE_UNISTD_H 1
| #define SIZEOF_INT_P 8
| #define HAVE_MALLINFO 1
| #define F77_FUNC(name,NAME) name ## _
| #define F77_FUNC_(name,NAME) name ## _
| /* end confdefs.h.  */
| 
| /* Override any gcc2 internal prototype to avoid an error.  */
| #ifdef __cplusplus
| extern "C"
| #endif
| /* We use char because int might match the return type of a gcc2
|    builtin and then its argument prototype would still apply.  */
| char fftwnd ();
| #ifdef F77_DUMMY_MAIN
| 
| #  ifdef __cplusplus
|      extern "C"
| #  endif
|    int F77_DUMMY_MAIN() { return 1; }
| 
| #endif
| int
| main ()
| {
| fftwnd ();
|   ;
|   return 0;
| }
configure:8573: icc -o conftest -O3 -O3  -L/opt/intel/cce/10.1.015/lib conftest.c -lfftw -lm  >&5
ld: cannot find -lfftw
configure:8579: $? = 1
configure: failed program was:
| /* confdefs.h.  */
| 
| #define PACKAGE_NAME "ESPRESSO"
| #define PACKAGE_TARNAME "espresso"
| #define PACKAGE_VERSION "4.0"
| #define PACKAGE_STRING "ESPRESSO 4.0"
| #define PACKAGE_BUGREPORT ""
| #define STDC_HEADERS 1
| #define HAVE_SYS_TYPES_H 1
| #define HAVE_SYS_STAT_H 1
| #define HAVE_STDLIB_H 1
| #define HAVE_STRING_H 1
| #define HAVE_MEMORY_H 1
| #define HAVE_STRINGS_H 1
| #define HAVE_INTTYPES_H 1
| #define HAVE_STDINT_H 1
| #define HAVE_UNISTD_H 1
| #define SIZEOF_INT_P 8
| #define HAVE_MALLINFO 1
| #define F77_FUNC(name,NAME) name ## _
| #define F77_FUNC_(name,NAME) name ## _
| /* end confdefs.h.  */
| 
| /* Override any gcc2 internal prototype to avoid an error.  */
| #ifdef __cplusplus
| extern "C"
| #endif
| /* We use char because int might match the return type of a gcc2
|    builtin and then its argument prototype would still apply.  */
| char fftwnd ();
| #ifdef F77_DUMMY_MAIN
| 
| #  ifdef __cplusplus
|      extern "C"
| #  endif
|    int F77_DUMMY_MAIN() { return 1; }
| 
| #endif
| int
| main ()
| {
| fftwnd ();
|   ;
|   return 0;
| }
configure:8607: result: no
configure:8472: checking for library containing fftwnd
configure:8510: icc -o conftest -O3 -O3  -L/opt/intel/fce/10.1.008/lib conftest.c  >&5
/tmp/icc4brHde.o: In function `main':
conftest.c:(.text+0x1d): undefined reference to `fftwnd'
configure:8516: $? = 1
configure: failed program was:
| /* confdefs.h.  */
| 
| #define PACKAGE_NAME "ESPRESSO"
| #define PACKAGE_TARNAME "espresso"
| #define PACKAGE_VERSION "4.0"
| #define PACKAGE_STRING "ESPRESSO 4.0"
| #define PACKAGE_BUGREPORT ""
| #define STDC_HEADERS 1
| #define HAVE_SYS_TYPES_H 1
| #define HAVE_SYS_STAT_H 1
| #define HAVE_STDLIB_H 1
| #define HAVE_STRING_H 1
| #define HAVE_MEMORY_H 1
| #define HAVE_STRINGS_H 1
| #define HAVE_INTTYPES_H 1
| #define HAVE_STDINT_H 1
| #define HAVE_UNISTD_H 1
| #define SIZEOF_INT_P 8
| #define HAVE_MALLINFO 1
| #define F77_FUNC(name,NAME) name ## _
| #define F77_FUNC_(name,NAME) name ## _
| /* end confdefs.h.  */
| 
| /* Override any gcc2 internal prototype to avoid an error.  */
| #ifdef __cplusplus
| extern "C"
| #endif
| /* We use char because int might match the return type of a gcc2
|    builtin and then its argument prototype would still apply.  */
| char fftwnd ();
| #ifdef F77_DUMMY_MAIN
| 
| #  ifdef __cplusplus
|      extern "C"
| #  endif
|    int F77_DUMMY_MAIN() { return 1; }
| 
| #endif
| int
| main ()
| {
| fftwnd ();
|   ;
|   return 0;
| }
configure:8573: icc -o conftest -O3 -O3  -L/opt/intel/fce/10.1.008/lib conftest.c -lfftw -lm  >&5
ld: cannot find -lfftw
configure:8579: $? = 1
configure: failed program was:
| /* confdefs.h.  */
| 
| #define PACKAGE_NAME "ESPRESSO"
| #define PACKAGE_TARNAME "espresso"
| #define PACKAGE_VERSION "4.0"
| #define PACKAGE_STRING "ESPRESSO 4.0"
| #define PACKAGE_BUGREPORT ""
| #define STDC_HEADERS 1
| #define HAVE_SYS_TYPES_H 1
| #define HAVE_SYS_STAT_H 1
| #define HAVE_STDLIB_H 1
| #define HAVE_STRING_H 1
| #define HAVE_MEMORY_H 1
| #define HAVE_STRINGS_H 1
| #define HAVE_INTTYPES_H 1
| #define HAVE_STDINT_H 1
| #define HAVE_UNISTD_H 1
| #define SIZEOF_INT_P 8
| #define HAVE_MALLINFO 1
| #define F77_FUNC(name,NAME) name ## _
| #define F77_FUNC_(name,NAME) name ## _
| /* end confdefs.h.  */
| 
| /* Override any gcc2 internal prototype to avoid an error.  */
| #ifdef __cplusplus
| extern "C"
| #endif
| /* We use char because int might match the return type of a gcc2
|    builtin and then its argument prototype would still apply.  */
| char fftwnd ();
| #ifdef F77_DUMMY_MAIN
| 
| #  ifdef __cplusplus
|      extern "C"
| #  endif
|    int F77_DUMMY_MAIN() { return 1; }
| 
| #endif
| int
| main ()
| {
| fftwnd ();
|   ;
|   return 0;
| }
configure:8607: result: no
configure:8472: checking for library containing fftwnd
configure:8510: icc -o conftest -O3 -O3  -L/opt/intel/mkl/10.0.1.014/lib/em64t conftest.c  >&5
/tmp/iccn20lrl.o: In function `main':
conftest.c:(.text+0x1d): undefined reference to `fftwnd'
configure:8516: $? = 1
configure: failed program was:
| /* confdefs.h.  */
| 
| #define PACKAGE_NAME "ESPRESSO"
| #define PACKAGE_TARNAME "espresso"
| #define PACKAGE_VERSION "4.0"
| #define PACKAGE_STRING "ESPRESSO 4.0"
| #define PACKAGE_BUGREPORT ""
| #define STDC_HEADERS 1
| #define HAVE_SYS_TYPES_H 1
| #define HAVE_SYS_STAT_H 1
| #define HAVE_STDLIB_H 1
| #define HAVE_STRING_H 1
| #define HAVE_MEMORY_H 1
| #define HAVE_STRINGS_H 1
| #define HAVE_INTTYPES_H 1
| #define HAVE_STDINT_H 1
| #define HAVE_UNISTD_H 1
| #define SIZEOF_INT_P 8
| #define HAVE_MALLINFO 1
| #define F77_FUNC(name,NAME) name ## _
| #define F77_FUNC_(name,NAME) name ## _
| /* end confdefs.h.  */
| 
| /* Override any gcc2 internal prototype to avoid an error.  */
| #ifdef __cplusplus
| extern "C"
| #endif
| /* We use char because int might match the return type of a gcc2
|    builtin and then its argument prototype would still apply.  */
| char fftwnd ();
| #ifdef F77_DUMMY_MAIN
| 
| #  ifdef __cplusplus
|      extern "C"
| #  endif
|    int F77_DUMMY_MAIN() { return 1; }
| 
| #endif
| int
| main ()
| {
| fftwnd ();
|   ;
|   return 0;
| }
configure:8573: icc -o conftest -O3 -O3  -L/opt/intel/mkl/10.0.1.014/lib/em64t conftest.c -lfftw -lm  >&5
ld: cannot find -lfftw
configure:8579: $? = 1
configure: failed program was:
| /* confdefs.h.  */
| 
| #define PACKAGE_NAME "ESPRESSO"
| #define PACKAGE_TARNAME "espresso"
| #define PACKAGE_VERSION "4.0"
| #define PACKAGE_STRING "ESPRESSO 4.0"
| #define PACKAGE_BUGREPORT ""
| #define STDC_HEADERS 1
| #define HAVE_SYS_TYPES_H 1
| #define HAVE_SYS_STAT_H 1
| #define HAVE_STDLIB_H 1
| #define HAVE_STRING_H 1
| #define HAVE_MEMORY_H 1
| #define HAVE_STRINGS_H 1
| #define HAVE_INTTYPES_H 1
| #define HAVE_STDINT_H 1
| #define HAVE_UNISTD_H 1
| #define SIZEOF_INT_P 8
| #define HAVE_MALLINFO 1
| #define F77_FUNC(name,NAME) name ## _
| #define F77_FUNC_(name,NAME) name ## _
| /* end confdefs.h.  */
| 
| /* Override any gcc2 internal prototype to avoid an error.  */
| #ifdef __cplusplus
| extern "C"
| #endif
| /* We use char because int might match the return type of a gcc2
|    builtin and then its argument prototype would still apply.  */
| char fftwnd ();
| #ifdef F77_DUMMY_MAIN
| 
| #  ifdef __cplusplus
|      extern "C"
| #  endif
|    int F77_DUMMY_MAIN() { return 1; }
| 
| #endif
| int
| main ()
| {
| fftwnd ();
|   ;
|   return 0;
| }
configure:8607: result: no
configure:8644: checking for library containing fftwnd
configure:8779: result: no
configure:9667: checking for library containing mpi_init
configure:9680: mpif90 -o conftest -O2 -assume byterecl  -nomodule  conftest.f  >&5
configure:9686: $? = 0
configure:9690: test -z 
			 || test ! -s conftest.err
configure:9693: $? = 0
configure:9696: test -s conftest
configure:9699: $? = 0
configure:9752: result: none required
configure:9770: checking for library containing mpi_init
configure:9855: result: none required
configure:9884: checking for ranlib
configure:9900: found /usr/bin/ranlib
configure:9911: result: ranlib
configure:10090: creating ./config.status

## ---------------------- ##
## Running config.status. ##
## ---------------------- ##

This file was extended by ESPRESSO config.status 4.0, which was
generated by GNU Autoconf 2.59.  Invocation command line was

  CONFIG_FILES    = 
  CONFIG_HEADERS  = 
  CONFIG_LINKS    = 
  CONFIG_COMMANDS = 
  $ ./config.status 

on matajur.fisica.uniud.it

config.status:689: creating include/fft_defs.h
config.status:689: creating make.sys
config.status:689: creating configure.msg
config.status:792: creating include/c_defs.h
config.status:902: include/c_defs.h is unchanged

## ---------------- ##
## Cache variables. ##
## ---------------- ##

ac_cv_build=x86_64-unknown-linux-gnu
ac_cv_build_alias=x86_64-unknown-linux-gnu
ac_cv_c_compiler_gnu=yes
ac_cv_env_CC_set=
ac_cv_env_CC_value=
ac_cv_env_CFLAGS_set=
ac_cv_env_CFLAGS_value=
ac_cv_env_CPPFLAGS_set=
ac_cv_env_CPPFLAGS_value=
ac_cv_env_CPP_set=
ac_cv_env_CPP_value=
ac_cv_env_F77_set=
ac_cv_env_F77_value=
ac_cv_env_FFLAGS_set=
ac_cv_env_FFLAGS_value=
ac_cv_env_LDFLAGS_set=
ac_cv_env_LDFLAGS_value=
ac_cv_env_build_alias_set=
ac_cv_env_build_alias_value=
ac_cv_env_host_alias_set=
ac_cv_env_host_alias_value=
ac_cv_env_target_alias_set=
ac_cv_env_target_alias_value=
ac_cv_exeext=
ac_cv_f77_compiler_gnu=no
ac_cv_f77_dummy_main=none
ac_cv_f77_libs=' -L/opt/intel/mkl/10.0.1.014/lib/em64t -L/opt/intel/fce/10.1.008/lib -L/usr/lib/gcc/x86_64-redhat-linux/4.1.2/ -L/usr/lib/gcc/x86_64-redhat-linux/4.1.2/../../../../lib64 -lifport -lifcore -limf -lsvml -lm -lipgo -lirc -lgcc_s -lirc_s -ldl'
ac_cv_f77_mangling='lower case, underscore, no extra underscore'
ac_cv_fortran_dummy_main=none
ac_cv_header_inttypes_h=yes
ac_cv_header_malloc_h=yes
ac_cv_header_memory_h=yes
ac_cv_header_stdc=yes
ac_cv_header_stdint_h=yes
ac_cv_header_stdlib_h=yes
ac_cv_header_string_h=yes
ac_cv_header_strings_h=yes
ac_cv_header_sys_stat_h=yes
ac_cv_header_sys_types_h=yes
ac_cv_header_unistd_h=yes
ac_cv_member_struct_mallinfo_arena=yes
ac_cv_objext=o
ac_cv_prog_CPP='icc -E'
ac_cv_prog_ac_ct_CC=icc
ac_cv_prog_ac_ct_F77=ifort
ac_cv_prog_cc_g=yes
ac_cv_prog_cc_stdc=
ac_cv_prog_egrep='grep -E'
ac_cv_prog_f77_g=yes
ac_cv_prog_f77_v=-v
ac_cv_prog_make_make_set=yes
ac_cv_prog_ranlib=ranlib
ac_cv_search_dgemm=-lmkl_em64t
ac_cv_search_fftwnd=no
ac_cv_search_mpi_init='none required'
ac_cv_search_zggev='none required'
ac_cv_sizeof_int_p=8
ac_cv_type_int_p=yes

## ----------------- ##
## Output variables. ##
## ----------------- ##

CC='icc'
CFLAGS='-O3'
CPP='icc -E'
CPPFLAGS='-O3'
Configured for compilation of parallel executables.'
DEFS='-DHAVE_CONFIG_H'
ECHO_C=''
ECHO_N='-n'
ECHO_T=''
EGREP='grep -E'
EXEEXT=''
F77='mpif90'
FFLAGS='-O2 -assume byterecl  -nomodule'
FLIBS=' -L/opt/intel/mkl/10.0.1.014/lib/em64t -L/opt/intel/fce/10.1.008/lib -L/usr/lib/gcc/x86_64-redhat-linux/4.1.2/ -L/usr/lib/gcc/x86_64-redhat-linux/4.1.2/../../../../lib64 -lifport -lifcore -limf -lsvml -lm -lipgo -lirc -lgcc_s -lirc_s -ldl'
LDFLAGS=''
LIBOBJS=''
LIBS=''
LTLIBOBJS=''
OBJEXT='o'
PACKAGE_BUGREPORT=''
PACKAGE_NAME='ESPRESSO'
PACKAGE_STRING='ESPRESSO 4.0'
PACKAGE_TARNAME='espresso'
PACKAGE_VERSION='4.0'
PATH_SEPARATOR=':'
SET_MAKE=''
SHELL='/bin/sh'
SIZEOF_INT_P='8'
ac_ct_CC='icc'
ac_ct_F77='ifort'
ar='ar'
arflags='ruv'
arflags_dynamic='ruv'
bindir='${exec_prefix}/bin'
blas_libs=' -lmkl_em64t  '
blas_line='BLAS_LIBS= -lmkl_em64t  '
build='x86_64-unknown-linux-gnu'
build_alias=''
build_cpu='x86_64'
build_os='linux-gnu'
build_vendor='unknown'
cc='icc'
cflags='-O3'
cpp='cpp'
cppflags='-P -traditional'
datadir='${prefix}/share'
dflags=' -D__INTEL -D__FFTW -D__USE_INTERNAL_FFTW -D__MPI -D__PARA'
exec_prefix='${prefix}'
f77='ifort'
f90='ifort'
f90flags='$(FFLAGS) -nomodule'
f90rule='$(MPIF90) $(F90FLAGS) -c $<'
fdflags='$(DFLAGS)'
fflags='-O2 -assume byterecl'
fflags_noopt='-O0 -assume byterecl'
fft_libs=''
fft_line='FFT_LIBS='
host_alias=''
iflags='-I../include'
imod='-I'
includedir='${prefix}/include'
includefftw=''
infodir='${prefix}/info'
lapack_libs='  -lmkl_em64t  '
lapack_line='LAPACK_LIBS=  -lmkl_em64t  '
ld='mpif90'
ldflags='-i-static -openmp '
libdir='${exec_prefix}/lib'
libexecdir='${exec_prefix}/libexec'
localstatedir='${prefix}/var'
mandir='${prefix}/man'
mass_libs=''
mass_line='@delete@'
mpi_libs=''
mpi_line='@delete@'
mpif90='mpif90'
oldincludedir='/usr/include'
parallel_report='Parallel environment detected successfully.\
pgplot_libs=''
pre_fdflags='-fpp '
prefix='/usr/local'
program_transform_name='s,x,x,'
ranlib='ranlib'
sbindir='${exec_prefix}/sbin'
sharedstatedir='${prefix}/com'
sysconfdir='${prefix}/etc'
target_alias=''

## ----------- ##
## confdefs.h. ##
## ----------- ##

#define F77_FUNC(name,NAME) name ## _
#define F77_FUNC_(name,NAME) name ## _
#define HAVE_INTTYPES_H 1
#define HAVE_MALLINFO 1
#define HAVE_MEMORY_H 1
#define HAVE_STDINT_H 1
#define HAVE_STDLIB_H 1
#define HAVE_STRINGS_H 1
#define HAVE_STRING_H 1
#define HAVE_SYS_STAT_H 1
#define HAVE_SYS_TYPES_H 1
#define HAVE_UNISTD_H 1
#define PACKAGE_BUGREPORT ""
#define PACKAGE_NAME "ESPRESSO"
#define PACKAGE_STRING "ESPRESSO 4.0"
#define PACKAGE_TARNAME "espresso"
#define PACKAGE_VERSION "4.0"
#define SIZEOF_INT_P 8
#define STDC_HEADERS 1

configure: exit 0
