This is pdfeTeX, Version 3.141592-1.21a-2.2 (Web2C 7.5.4) (format=pdflatex 2008.1.7)  1 JUL 2008 17:23
entering extended mode
**user_guide
(./user_guide.tex
LaTeX2e <2003/12/01>
Babel <v3.8d> and hyphenation patterns for american, french, german, ngerman, b
ahasa, basque, bulgarian, catalan, croatian, czech, danish, dutch, esperanto, e
stonian, finnish, greek, icelandic, irish, italian, latin, magyar, norsk, polis
h, portuges, romanian, russian, serbian, slovak, slovene, spanish, swedish, tur
kish, ukrainian, nohyphenation, loaded.
(/usr/share/texmf/tex/latex/base/article.cls
Document Class: article 2004/02/16 v1.4f Standard LaTeX document class
(/usr/share/texmf/tex/latex/base/size10.clo
File: size10.clo 2004/02/16 v1.4f Standard LaTeX file (size option)
)
\c@part=\count79
\c@section=\count80
\c@subsection=\count81
\c@subsubsection=\count82
\c@paragraph=\count83
\c@subparagraph=\count84
\c@figure=\count85
\c@table=\count86
\abovecaptionskip=\skip41
\belowcaptionskip=\skip42
\bibindent=\dimen102
) (./user_guide.aux)
\openout1 = `user_guide.aux'.

LaTeX Font Info:    Checking defaults for OML/cmm/m/it on input line 5.
LaTeX Font Info:    ... okay on input line 5.
LaTeX Font Info:    Checking defaults for T1/cmr/m/n on input line 5.
LaTeX Font Info:    ... okay on input line 5.
LaTeX Font Info:    Checking defaults for OT1/cmr/m/n on input line 5.
LaTeX Font Info:    ... okay on input line 5.
LaTeX Font Info:    Checking defaults for OMS/cmsy/m/n on input line 5.
LaTeX Font Info:    ... okay on input line 5.
LaTeX Font Info:    Checking defaults for OMX/cmex/m/n on input line 5.
LaTeX Font Info:    ... okay on input line 5.
LaTeX Font Info:    Checking defaults for U/cmr/m/n on input line 5.
LaTeX Font Info:    ... okay on input line 5.
LaTeX Font Info:    External font `cmex10' loaded for size
(Font)              <12> on input line 5.
LaTeX Font Info:    External font `cmex10' loaded for size
(Font)              <8> on input line 5.
LaTeX Font Info:    External font `cmex10' loaded for size
(Font)              <6> on input line 5.


LaTeX Warning: No \author given.

LaTeX Font Info:    Try loading font information for OMS+cmr on input line 19.
(/usr/share/texmf/tex/latex/base/omscmr.fd
File: omscmr.fd 1999/05/25 v2.5h Standard LaTeX font definitions
)
LaTeX Font Info:    Font shape `OMS/cmr/m/n' in size <10> not available
(Font)              Font shape `OMS/cmsy/m/n' tried instead on input line 19.

Underfull \hbox (badness 10000) in paragraph at lines 34--35

 []

[1

{/usr/share/texmf-var/fonts/map/pdftex/updmap/pdftex.map}]
Missing character: There is no ‚ in font cmr10!
Missing character: There is no Ä in font cmr10!
Missing character: There is no ú in font cmr10!
Missing character: There is no ‚ in font cmr10!
Missing character: There is no Ä in font cmr10!
Missing character: There is no ù in font cmr10!

Overfull \hbox (96.83408pt too wide) in paragraph at lines 35--36
[]\OT1/cmr/m/n/10 the Sci-en-tific Soft-ware page of the Dem-ocritos web site (
http://www.democritos.it/scientific.php) 
 []


Overfull \hbox (5.69495pt too wide) in paragraph at lines 46--47
[]\OT1/cmr/m/n/10 phonon fre-quen-cies and eigen-vec-tors at a generic wave vec
-tor, us-ing Density-
 []

LaTeX Font Info:    External font `cmex10' loaded for size
(Font)              <7> on input line 56.
LaTeX Font Info:    External font `cmex10' loaded for size
(Font)              <5> on input line 56.
Missing character: There is no ‚ in font cmr10!
Missing character: There is no Ä in font cmr10!
Missing character: There is no ú in font cmr10!
Missing character: There is no ‚ in font cmr10!
Missing character: There is no Ä in font cmr10!
Missing character: There is no ù in font cmr10!
[2]
Missing character: There is no Ë in font cmr10!
Missing character: There is no Ë in font cmr10!
Missing character: There is no ‚ in font cmr10!
Missing character: There is no Ä in font cmr10!
Missing character: There is no ô in font cmr10!
 [3]
Overfull \hbox (15.62148pt too wide) in paragraph at lines 118--119
[]\OT1/cmr/m/n/10 The in-put/output toolkit \OT1/cmr/m/it/10 iotk \OT1/cmr/m/n/
10 (http://www.s3.infm.it/iotk) used in Quantum-
 []

[4]
Overfull \hbox (0.54224pt too wide) in paragraph at lines 123--124
[]\OT1/cmr/m/n/10 Davide Ceresoli, An-drea Fer-retti (S3), Guido Fratesi, Ey-va
z Isaev (Moscow
 []


Overfull \hbox (0.38956pt too wide) in paragraph at lines 123--124
\OT1/cmr/m/n/10 Steel and Al-loy Inst), Axel Kohlmeyer (UPenn),Konstantin Kudin
 (Prince-
 []

Missing character: There is no Ë in font cmr10!

Overfull \hbox (26.0284pt too wide) in paragraph at lines 134--138
\OT1/cmr/m/n/10 or fol-low-ing the links con-tained in it (see also the PWscf w
eb: http://www.pwscf.org/). 
 []

Missing character: There is no Ô in font cmr10!
Missing character: There is no ¨ in font cmr10!
Missing character: There is no É in font cmr10!
[5]
Underfull \hbox (badness 10000) in paragraph at lines 158--162

 []


Overfull \hbox (57.64427pt too wide) in paragraph at lines 172--176
\OT1/cmr/m/n/10 nated by Paolo Gi-an-nozzi. See http://www.quantum-espresso.org
 and http://www.pwscf.org. 
 []


Overfull \hbox (15.69298pt too wide) in paragraph at lines 178--181
[]\OT1/cmr/m/n/10 [PSEUDO] We used the pseu-dopo-ten-tials C.pbe.rrjkus.UPF and
 O.pbe.vbc.UPF
 []

Missing character: There is no Ô in font cmr10!
Missing character: There is no ¨ in font cmr10!
Missing character: There is no Ä in font cmr10!
Missing character: There is no ‚ in font cmr10!
Missing character: There is no Ä in font cmr10!
Missing character: There is no ô in font cmr10!
Missing character: There is no Ô in font cmr10!
Missing character: There is no ¨ in font cmr10!
Missing character: There is no Ç in font cmr10!
[6]
Overfull \hbox (11.99689pt too wide) in paragraph at lines 219--219
[] \OT1/cmtt/m/n/10 Modules/    Source file for modules that are common to all 
programs 
 []


Overfull \hbox (90.7462pt too wide) in paragraph at lines 219--219
[] \OT1/cmtt/m/n/10 install/    machine-dependent makefiles and tools for compi
lation and installation[] 
 []


Overfull \hbox (74.99634pt too wide) in paragraph at lines 219--219
[] \OT1/cmtt/m/n/10 upftools/   Source files for converters to unified pseudopo
tential format (UPF)[] 
 []


Overfull \hbox (64.49643pt too wide) in paragraph at lines 232--232
[] \OT1/cmtt/m/n/10 PH/         Source files for phonon calculations (ph.x) and
 analysis programs[] 
 []


Overfull \hbox (11.99689pt too wide) in paragraph at lines 232--232
[] \OT1/cmtt/m/n/10 Gamma/      Source files for Gamma-only phonon calculation 
(phcg.x)[] 
 []


Overfull \hbox (32.9967pt too wide) in paragraph at lines 232--232
[] \OT1/cmtt/m/n/10 D3/         Source files for third-order derivative calcula
tions (d3.x)[] 
 []


Overfull \hbox (38.24666pt too wide) in paragraph at lines 232--232
[] \OT1/cmtt/m/n/10 vdW/        Source files for calculation of the molecular p
olarizability[] 
 []


Overfull \hbox (53.99652pt too wide) in paragraph at lines 232--232
[]             \OT1/cmtt/m/n/10 at finite (imaginary) frequency using approxima
ted Thomas-Fermi[] 
 []


Overfull \hbox (11.99689pt too wide) in paragraph at lines 237--237
[] \OT1/cmtt/m/n/10 atomic/     Source files for the pseudopotential generation
 package 
 []

Missing character: There is no Ô in font cmr10!
Missing character: There is no ¨ in font cmr10!
Missing character: There is no É in font cmr10!
Missing character: There is no ‚ in font cmr10!
Missing character: There is no Ä in font cmr10!
Missing character: There is no ú in font cmr10!
Missing character: There is no ‚ in font cmr10!
Missing character: There is no Ä in font cmr10!
Missing character: There is no ù in font cmr10!
Missing character: There is no ‚ in font cmr10!
Missing character: There is no Ä in font cmr10!
Missing character: There is no ô in font cmr10!
[7]
Missing character: There is no Ô in font cmtt10!
Missing character: There is no ¨ in font cmtt10!
Missing character: There is no Ç in font cmtt10!

Overfull \hbox (85.49625pt too wide) in paragraph at lines 288--288
[]   \OT1/cmtt/m/n/10 include/fft_defs.h: defines the type of fortran variable 
containing a C pointer[] 
 []

[8]
Overfull \hbox (95.99615pt too wide) in paragraph at lines 288--288
[]   \OT1/cmtt/m/n/10 include/c_defs.h:   defines C to fortran calling conventi
on and a few more things[] 
 []

Missing character: There is no ‚ in font cmr10!
Missing character: There is no Ä in font cmr10!
Missing character: There is no ô in font cmr10!

Overfull \hbox (1.49698pt too wide) in paragraph at lines 317--317
[]    \OT1/cmtt/m/n/10 F90, F77, CC: names of Fortran 95, Fortran 77, and C com
pilers[] 
 []


Overfull \hbox (1.49698pt too wide) in paragraph at lines 317--317
[]    \OT1/cmtt/m/n/10 MPIF90:       name of parallel Fortran 95 compiler (usin
g MPI)[] 
 []

Missing character: There is no Ô in font cmtt10!
Missing character: There is no ¨ in font cmtt10!
Missing character: There is no Ç in font cmtt10!

Overfull \hbox (27.74675pt too wide) in paragraph at lines 317--317
[]    \OT1/cmtt/m/n/10 LIBDIRS:      extra directories to search for libraries 
(see below)[] 
 []


Overfull \hbox (27.74675pt too wide) in paragraph at lines 322--322
[]    \OT1/cmtt/m/n/10 ./configure MPIF90=mpf90 FFLAGS="-O2 -assume byterecl" $
\backslash$ 
 []

Missing character: There is no Ô in font cmr10!
Missing character: There is no ¨ in font cmr10!
Missing character: There is no Ç in font cmr10!
Missing character: There is no Ô in font cmr10!
Missing character: There is no ¨ in font cmr10!
Missing character: There is no Ç in font cmr10!
Missing character: There is no Ô in font cmr10!
Missing character: There is no ¨ in font cmr10!
Missing character: There is no Ç in font cmr10!
Missing character: There is no ‚ in font cmr10!
Missing character: There is no Ä in font cmr10!
Missing character: There is no ô in font cmr10!
[9]
Overfull \hbox (132.74583pt too wide) in paragraph at lines 358--358
[]     \OT1/cmtt/m/n/10 -$\,$-disable-parallel: compile serial code, even if pa
rallel environment is available 
 []

Missing character: There is no ‚ in font cmtt10!
Missing character: There is no Ä in font cmtt10!
Missing character: There is no ô in font cmtt10!

Overfull \hbox (80.24629pt too wide) in paragraph at lines 358--358
[]     \OT1/cmtt/m/n/10 -$\,$-disable-shared: dont use shared libraries: genera
te static executables[] 
 []


Overfull \hbox (22.4968pt too wide) in paragraph at lines 358--358
[]     \OT1/cmtt/m/n/10 -$\,$-host=target~: specify target machine for cross-co
mpilation.[] 
 []


Overfull \hbox (111.74602pt too wide) in paragraph at lines 358--358
[]                     \OT1/cmtt/m/n/10 Target must be a string identifying the
 architecture that you want[] 
 []


Overfull \hbox (80.24629pt too wide) in paragraph at lines 358--358
[]                     \OT1/cmtt/m/n/10 to compile for; you can obtain it by ru
nning config.guess on[] 
 []


Overfull \hbox (48.99866pt too wide) in paragraph at lines 366--367
[]\OT1/cmr/m/n/10 BLAS (http://www.netlib.org/blas/) and LA-PACK (http://www.ne
tlib.org/lapack/)
 []


Overfull \hbox (19.19778pt too wide) in paragraph at lines 372--374
[]\OT1/cmr/bx/n/10 BLAS and LA-PACK \OT1/cmr/m/n/10 Quantum-ESPRESSO can use th
e fol-low-ing architecture-
 []

[10]
Missing character: There is no ‚ in font cmr10!
Missing character: There is no Ä in font cmr10!
Missing character: There is no ú in font cmr10!
Missing character: There is no ‚ in font cmr10!
Missing character: There is no Ä in font cmr10!
Missing character: There is no ù in font cmr10!
Missing character: There is no ‚ in font cmr10!
Missing character: There is no Ä in font cmr10!
Missing character: There is no ú in font cmr10!
Missing character: There is no ‚ in font cmr10!
Missing character: There is no Ä in font cmr10!
Missing character: There is no ù in font cmr10!
Missing character: There is no ‚ in font cmr10!
Missing character: There is no Ä in font cmr10!
Missing character: There is no ô in font cmr10!
Missing character: There is no ‚ in font cmr10!
Missing character: There is no Ä in font cmr10!
Missing character: There is no ô in font cmr10!
Missing character: There is no ‚ in font cmr10!
Missing character: There is no Ä in font cmr10!
Missing character: There is no ô in font cmr10!
 [11]
Missing character: There is no ‚ in font cmr10!
Missing character: There is no Ä in font cmr10!
Missing character: There is no ô in font cmr10!
Missing character: There is no ‚ in font cmr10!
Missing character: There is no Ä in font cmr10!
Missing character: There is no ô in font cmr10!
Missing character: There is no Ô in font cmr10!
Missing character: There is no ¨ in font cmr10!
Missing character: There is no Ä in font cmr10!
Missing character: There is no Ô in font cmr10!
Missing character: There is no ¨ in font cmr10!
Missing character: There is no Ä in font cmr10!
Missing character: There is no ‚ in font cmr10!
Missing character: There is no Ä in font cmr10!
Missing character: There is no ô in font cmr10!
Missing character: There is no ‚ in font cmr10!
Missing character: There is no Ä in font cmr10!
Missing character: There is no ô in font cmr10!

Overfull \hbox (8.99883pt too wide) in paragraph at lines 474--476
[]\OT1/cmr/bx/n/10 NOTA BENE: \OT1/cmr/m/n/10 If you mod-ify the pro-gram sourc
es, run the script makedeps.sh
 []

Missing character: There is no Ô in font cmr10!
Missing character: There is no ¨ in font cmr10!
Missing character: There is no Ä in font cmr10!
[12]
Missing character: There is no Ô in font cmr10!
Missing character: There is no ¨ in font cmr10!
Missing character: There is no Ä in font cmr10!
Missing character: There is no Œ in font cmr10!
Missing character: There is no ì in font cmr10!
Missing character: There is no ‚ in font cmr10!
Missing character: There is no Ä in font cmr10!
Missing character: There is no ú in font cmr10!
Missing character: There is no ‚ in font cmr10!
Missing character: There is no Ä in font cmr10!
Missing character: There is no ù in font cmr10!
 [13]
Missing character: There is no ˆ in font cmr10!

Overfull \hbox (3.27847pt too wide) in paragraph at lines 528--529
[]\OT1/cmr/m/n/10 plotband.x reads the out-put of bands.x, pro-duces band struc
-ture PostScript
 []

Missing character: There is no ‚ in font cmr10!
Missing character: There is no Ä in font cmr10!
Missing character: There is no ô in font cmr10!
Missing character: There is no Ô in font cmr10!
Missing character: There is no ¨ in font cmr10!
Missing character: There is no É in font cmr10!
[14]
Missing character: There is no Ô in font cmr10!
Missing character: There is no ¨ in font cmr10!
Missing character: There is no É in font cmr10!
Missing character: There is no Œ in font cmr10!
Missing character: There is no ª in font cmr10!
Missing character: There is no Œ in font cmr10!
Missing character: There is no ± in font cmr10!
Missing character: There is no œ in font cmr10!
Missing character: There is no â in font cmr10!
Missing character: There is no Ô in font cmr10!
Missing character: There is no ¨ in font cmr10!
Missing character: There is no Ä in font cmr10!
Missing character: There is no Ô in font cmr10!
Missing character: There is no ¨ in font cmr10!
Missing character: There is no Ä in font cmr10!
Missing character: There is no ‰ in font cmr10!
 [15]
Missing character: There is no ‚ in font cmr10!
Missing character: There is no Ä in font cmr10!
Missing character: There is no ô in font cmr10!
Missing character: There is no ‚ in font cmr10!
Missing character: There is no Ä in font cmr10!
Missing character: There is no ô in font cmr10!
Missing character: There is no ‚ in font cmr10!
Missing character: There is no Ä in font cmr10!
Missing character: There is no ô in font cmr10!
Missing character: There is no ‚ in font cmr10!
Missing character: There is no Ä in font cmr10!
Missing character: There is no ô in font cmr10!

Overfull \hbox (11.99689pt too wide) in paragraph at lines 582--582
[]        \OT1/cmtt/m/n/10 BIN_DIR= directory where Quantum-ESPRESSO executable
s reside 
 []

Missing character: There is no Ô in font cmr10!
Missing character: There is no ¨ in font cmr10!
Missing character: There is no Ä in font cmr10!
Missing character: There is no ‚ in font cmr10!
Missing character: There is no Ä in font cmr10!
Missing character: There is no ô in font cmr10!

Overfull \hbox (33.53401pt too wide) in paragraph at lines 583--586
\OT1/cmr/m/n/10 set BIN[]DIR=$TOPDIR/bin and PSEUDO[]DIR=$TOPDIR/pseudo, where 
$TOPDIR
 []

[16]
Missing character: There is no ‚ in font cmr10!
Missing character: There is no Ä in font cmr10!
Missing character: There is no ô in font cmr10!
Missing character: There is no ‚ in font cmr10!
Missing character: There is no Ä in font cmr10!
Missing character: There is no ô in font cmr10!
Missing character: There is no Ô in font cmr10!
Missing character: There is no ¨ in font cmr10!
Missing character: There is no Ä in font cmr10!
Missing character: There is no Ô in font cmr10!
Missing character: There is no ¨ in font cmr10!
Missing character: There is no Ä in font cmr10!
Missing character: There is no Ô in font cmr10!
Missing character: There is no ¨ in font cmr10!
Missing character: There is no Ä in font cmr10!
Missing character: There is no ‚ in font cmr10!
Missing character: There is no Ä in font cmr10!
Missing character: There is no ô in font cmr10!
Missing character: There is no ‚ in font cmr10!
Missing character: There is no Ä in font cmr10!
Missing character: There is no ú in font cmr10!
Missing character: There is no ‚ in font cmr10!
Missing character: There is no Ä in font cmr10!
Missing character: There is no ù in font cmr10!
Missing character: There is no ‚ in font cmr10!
Missing character: There is no Ä in font cmr10!
Missing character: There is no ú in font cmr10!
Missing character: There is no ‚ in font cmr10!
Missing character: There is no Ä in font cmr10!
Missing character: There is no ù in font cmr10!
Missing character: There is no ‚ in font cmr10!
Missing character: There is no Ä in font cmr10!
Missing character: There is no ô in font cmr10!
 [17]
Missing character: There is no ‚ in font cmr10!
Missing character: There is no Ä in font cmr10!
Missing character: There is no ú in font cmr10!
Missing character: There is no ‚ in font cmr10!
Missing character: There is no Ä in font cmr10!
Missing character: There is no ù in font cmr10!
Missing character: There is no ‚ in font cmr10!
Missing character: There is no Ä in font cmr10!
Missing character: There is no ù in font cmr10!
Missing character: There is no Ô in font cmr10!
Missing character: There is no ¨ in font cmr10!
Missing character: There is no Ç in font cmr10!
Missing character: There is no Ô in font cmr10!
Missing character: There is no ¨ in font cmr10!
Missing character: There is no Ä in font cmr10!

Overfull \hbox (32.9967pt too wide) in paragraph at lines 648--648
[]   \OT1/cmtt/m/n/10 ON ENTRY TO ZHPEV       PARAMETER NUMBER       1 HAD AN I
LLEGAL VALUE 
 []


Overfull \hbox (112.66643pt too wide) in paragraph at lines 656--660
\OT1/cmr/m/n/10 PACK and no ex-ter-nal ref-er-ence to for-tran li-braries: http
://www.theochem.rub.de/ axel.kohlmeyer/cpmd-
 []

Missing character: There is no Ô in font cmr10!
Missing character: There is no ¨ in font cmr10!
Missing character: There is no Ä in font cmr10!

Overfull \hbox (58.33405pt too wide) in paragraph at lines 660--664
[]\OT1/cmr/m/n/10 It is con-ve-nient to cre-ate semi-statically linked ex-e-cut
a-bles (with only libc/libm/libpthread
 []

[18]
Overfull \hbox (1523.9837pt too wide) in paragraph at lines 720--720
[]   \OT1/cmtt/m/n/10 ~!-$\,$-$\,$-$\,$-$\,$-$\,$-$\,$-$\,$-$\,$-$\,$-$\,$-$\,$
-$\,$-$\,$-$\,$-$\,$-$\,$-$\,$-$\,$-$\,$-$\,$-$\,$-$\,$-$\,$-$\,$-$\,$-$\,$-$\,
$-$\,$-$\,$-$\,$-$\,$-$\,$-$\,$-$\,$-$\,$-$\,$-$\,$-$\,$-$\,$-$\,$-$\,$-$\,$-$\
,$-$\,$-$\,$-$\,$-$\,$-$\,$-$\,$-$\,$-$\,$-$\,$-$\,$-$\,$-$\,$-$\,$-$\,$-$\,$-$
\,$-$\,$-$\,$-$\,$-$\,$-$\,$-$\,$-$\,$-$\,$-$\,$-$\,$-$\,$- 
 []


Overfull \hbox (1534.48361pt too wide) in paragraph at lines 720--720
[]     \OT1/cmtt/m/n/10 ~!-$\,$-$\,$-$\,$-$\,$-$\,$-$\,$-$\,$-$\,$-$\,$-$\,$-$\
,$-$\,$-$\,$-$\,$-$\,$-$\,$-$\,$-$\,$-$\,$-$\,$-$\,$-$\,$-$\,$-$\,$-$\,$-$\,$-$
\,$-$\,$-$\,$-$\,$-$\,$-$\,$-$\,$-$\,$-$\,$-$\,$-$\,$-$\,$-$\,$-$\,$-$\,$-$\,$-
$\,$-$\,$-$\,$-$\,$-$\,$-$\,$-$\,$-$\,$-$\,$-$\,$-$\,$-$\,$-$\,$-$\,$-$\,$-$\,$
-$\,$-$\,$-$\,$-$\,$-$\,$-$\,$-$\,$-$\,$-$\,$-$\,$-$\,$-$\,$-[] 
 []

[19]
Overfull \hbox (1523.9837pt too wide) in paragraph at lines 743--743
[]   \OT1/cmtt/m/n/10 ~!-$\,$-$\,$-$\,$-$\,$-$\,$-$\,$-$\,$-$\,$-$\,$-$\,$-$\,$
-$\,$-$\,$-$\,$-$\,$-$\,$-$\,$-$\,$-$\,$-$\,$-$\,$-$\,$-$\,$-$\,$-$\,$-$\,$-$\,
$-$\,$-$\,$-$\,$-$\,$-$\,$-$\,$-$\,$-$\,$-$\,$-$\,$-$\,$-$\,$-$\,$-$\,$-$\,$-$\
,$-$\,$-$\,$-$\,$-$\,$-$\,$-$\,$-$\,$-$\,$-$\,$-$\,$-$\,$-$\,$-$\,$-$\,$-$\,$-$
\,$-$\,$-$\,$-$\,$-$\,$-$\,$-$\,$-$\,$-$\,$-$\,$-$\,$-$\,$- 
 []


Overfull \hbox (1534.48361pt too wide) in paragraph at lines 743--743
[]     \OT1/cmtt/m/n/10 ~!-$\,$-$\,$-$\,$-$\,$-$\,$-$\,$-$\,$-$\,$-$\,$-$\,$-$\
,$-$\,$-$\,$-$\,$-$\,$-$\,$-$\,$-$\,$-$\,$-$\,$-$\,$-$\,$-$\,$-$\,$-$\,$-$\,$-$
\,$-$\,$-$\,$-$\,$-$\,$-$\,$-$\,$-$\,$-$\,$-$\,$-$\,$-$\,$-$\,$-$\,$-$\,$-$\,$-
$\,$-$\,$-$\,$-$\,$-$\,$-$\,$-$\,$-$\,$-$\,$-$\,$-$\,$-$\,$-$\,$-$\,$-$\,$-$\,$
-$\,$-$\,$-$\,$-$\,$-$\,$-$\,$-$\,$-$\,$-$\,$-$\,$-$\,$-$\,$-[] 
 []


Overfull \hbox (85.49625pt too wide) in paragraph at lines 743--743
[]      \OT1/cmtt/m/n/10 REAL(DP)            ~:: matrix_times_vector(SIZE( vec 
)), v_aux(SIZE( vec ))[] 
 []

Missing character: There is no ‚ in font cmr10!
Missing character: There is no Ä in font cmr10!
Missing character: There is no ô in font cmr10!
Missing character: There is no ‚ in font cmr10!
Missing character: There is no Ä in font cmr10!
Missing character: There is no ú in font cmr10!
Missing character: There is no ‚ in font cmr10!
Missing character: There is no Ä in font cmr10!
Missing character: There is no ù in font cmr10!
Missing character: There is no ‚ in font cmr10!
Missing character: There is no Ä in font cmr10!
Missing character: There is no î in font cmr10!
Missing character: There is no ‚ in font cmr10!
Missing character: There is no Ä in font cmr10!
Missing character: There is no î in font cmr10!
Missing character: There is no Ô in font cmr10!
Missing character: There is no ¨ in font cmr10!
Missing character: There is no Ç in font cmr10!
Missing character: There is no Ô in font cmr10!
Missing character: There is no ¨ in font cmr10!
Missing character: There is no Ç in font cmr10!
[20]
Missing character: There is no Ô in font cmr10!
Missing character: There is no ¨ in font cmr10!
Missing character: There is no Ä in font cmr10!
Missing character: There is no Ô in font cmr10!
Missing character: There is no ¨ in font cmr10!
Missing character: There is no Ä in font cmr10!

Overfull \hbox (237.61227pt too wide) in paragraph at lines 763--766
\OT1/cmr/m/n/10 able via In-tel Pre-mier sup-port (reg-is-tra-tion free of char
ge for Linux): http://developer.intel.com/software/products/support/#premier. 
 []

Missing character: There is no Ô in font cmr10!
Missing character: There is no ¨ in font cmr10!
Missing character: There is no Ç in font cmr10!
Missing character: There is no ‚ in font cmr10!
Missing character: There is no Ä in font cmr10!
Missing character: There is no ú in font cmr10!
Missing character: There is no ‚ in font cmr10!
Missing character: There is no Ä in font cmr10!
Missing character: There is no ù in font cmr10!
Missing character: There is no ‚ in font cmr10!
Missing character: There is no Ä in font cmr10!
Missing character: There is no ú in font cmr10!
Missing character: There is no ‚ in font cmr10!
Missing character: There is no Ä in font cmr10!
Missing character: There is no ù in font cmr10!
Missing character: There is no ‚ in font cmr10!
Missing character: There is no Ä in font cmr10!
Missing character: There is no ú in font cmr10!
Missing character: There is no ‚ in font cmr10!
Missing character: There is no Ä in font cmr10!
Missing character: There is no ù in font cmr10!
Missing character: There is no ‚ in font cmr10!
Missing character: There is no Ä in font cmr10!
Missing character: There is no ú in font cmr10!
Missing character: There is no ‚ in font cmr10!
Missing character: There is no Ä in font cmr10!
Missing character: There is no ù in font cmr10!
Missing character: There is no ‚ in font cmr10!
Missing character: There is no Ä in font cmr10!
Missing character: There is no ú in font cmr10!
Missing character: There is no ‚ in font cmr10!
Missing character: There is no Ä in font cmr10!
Missing character: There is no ù in font cmr10!
Missing character: There is no ‚ in font cmr10!
Missing character: There is no Ä in font cmr10!
Missing character: There is no ú in font cmr10!
Missing character: There is no ‚ in font cmr10!
Missing character: There is no Ä in font cmr10!
Missing character: There is no ò in font cmr10!
Missing character: There is no ‚ in font cmr10!
Missing character: There is no Ä in font cmr10!
Missing character: There is no ô in font cmr10!
Missing character: There is no ‚ in font cmr10!
Missing character: There is no Ä in font cmr10!
Missing character: There is no ù in font cmr10!
Missing character: There is no ‚ in font cmr10!
Missing character: There is no Ä in font cmr10!
Missing character: There is no ô in font cmr10!
Missing character: There is no ‚ in font cmr10!
Missing character: There is no Ä in font cmr10!
Missing character: There is no ú in font cmr10!
Missing character: There is no ‚ in font cmr10!
Missing character: There is no Ä in font cmr10!
Missing character: There is no ù in font cmr10!
[21]
Missing character: There is no Ô in font cmr10!
Missing character: There is no ¨ in font cmr10!
Missing character: There is no Ä in font cmr10!

Overfull \hbox (2.02626pt too wide) in paragraph at lines 820--827
[]\OT1/cmr/m/n/10 When us-ing/testing/benchmarking MKL on SMP (mul-ti-pro-ces-s
or) ma-chines,
 []


Overfull \hbox (13.99693pt too wide) in paragraph at lines 827--841
\OT1/cmr/m/n/10 file libmkl10.a with: GROUP (libmkl[]intel[]lp64.a libmkl[]sequ
ential.a libmkl[]core.a)
 []

Missing character: There is no Ô in font cmr10!
Missing character: There is no ¨ in font cmr10!
Missing character: There is no Ä in font cmr10!
Missing character: There is no Ô in font cmr10!
Missing character: There is no ¨ in font cmr10!
Missing character: There is no Ä in font cmr10!
Missing character: There is no ‚ in font cmr10!
Missing character: There is no Ä in font cmr10!
Missing character: There is no ú in font cmr10!
Missing character: There is no ‚ in font cmr10!
Missing character: There is no Ä in font cmr10!
Missing character: There is no ù in font cmr10!
[22]
Missing character: There is no ‚ in font cmr10!
Missing character: There is no Ä in font cmr10!
Missing character: There is no ô in font cmr10!
Missing character: There is no Ô in font cmr10!
Missing character: There is no ¨ in font cmr10!
Missing character: There is no Ä in font cmr10!
Missing character: There is no Ô in font cmr10!
Missing character: There is no ¨ in font cmr10!
Missing character: There is no É in font cmr10!
Missing character: There is no ‚ in font cmr10!
Missing character: There is no Ä in font cmr10!
Missing character: There is no ì in font cmr10!
Missing character: There is no ‚ in font cmr10!
Missing character: There is no Ä in font cmr10!
Missing character: There is no ì in font cmr10!
Missing character: There is no ‚ in font cmr10!
Missing character: There is no Ä in font cmr10!
Missing character: There is no ú in font cmr10!
Missing character: There is no ‚ in font cmr10!
Missing character: There is no Ä in font cmr10!
Missing character: There is no ù in font cmr10!

Overfull \hbox (43.49661pt too wide) in paragraph at lines 899--899
[]  \OT1/cmtt/m/n/10 -L/location/of/atlas/lib -lf77blas -llapack -lcblas -latla
s $\backslash$[] 
 []

[23]
Missing character: There is no ‚ in font cmr10!
Missing character: There is no Ä in font cmr10!
Missing character: There is no ô in font cmr10!

Overfull \hbox (33.21205pt too wide) in paragraph at lines 908--919
\OT1/cmr/m/n/10 to-nio Mon-toya: http://www.democritos.it/pipermail/pw[]forum/2
008April/008818.htm
 []

Missing character: There is no ‚ in font cmr10!
Missing character: There is no Ä in font cmr10!
Missing character: There is no ô in font cmr10!

Overfull \hbox (24.07312pt too wide) in paragraph at lines 925--929
\OT1/cmr/m/n/10 Kohlmeyer: http://www.democritos.it/pipermail/pw[]forum/2008-Ap
ril/008796.html 
 []

[24]
Missing character: There is no ‚ in font cmr10!
Missing character: There is no Ä in font cmr10!
Missing character: There is no ú in font cmr10!
Missing character: There is no ‚ in font cmr10!
Missing character: There is no Ä in font cmr10!
Missing character: There is no ù in font cmr10!
Missing character: There is no ‚ in font cmr10!
Missing character: There is no Ä in font cmr10!
Missing character: There is no ú in font cmr10!
Missing character: There is no ‚ in font cmr10!
Missing character: There is no Ä in font cmr10!
Missing character: There is no ù in font cmr10!

Overfull \hbox (1.47176pt too wide) in paragraph at lines 968--973
\OT1/cmr/m/n/10 change the or-der of di-rec-tory in your PATH vari-able in or-d
er to make /opt/ibm/..
 []

Missing character: There is no ‚ in font cmtt10!
Missing character: There is no Ä in font cmtt10!
Missing character: There is no ô in font cmtt10!

Overfull \hbox (17.24684pt too wide) in paragraph at lines 995--995
[]     \OT1/cmtt/m/n/10 2. sudo /opt/ibmcmp/xlf/8.1/bin/xlf configure -gcc /usr
 -install 
 []

[25]
Overfull \hbox (4.08284pt too wide) in paragraph at lines 998--1000
[]\OT1/cmr/m/n/10 The Ab-soft 9.1 com-piler on Mac OS-X does not work (info by 
Axel Kohlmeyer,
 []


Underfull \hbox (badness 10000) in paragraph at lines 1011--1012

 []

Missing character: There is no ‚ in font cmr10!
Missing character: There is no Ä in font cmr10!
Missing character: There is no ô in font cmr10!

Overfull \hbox (1.90753pt too wide) in paragraph at lines 1014--1018
 \OT1/cmr/bx/n/10 [edit] SGI ma-chines with IRIX/MIPS com-piler \OT1/cmr/m/n/10
 The script mod-uledep.sh
 []

Missing character: There is no ‚ in font cmr10!
Missing character: There is no Ä in font cmr10!
Missing character: There is no ô in font cmr10!

Underfull \hbox (badness 10000) in paragraph at lines 1028--1029

 []

Missing character: There is no ‚ in font cmr10!
Missing character: There is no Ä in font cmr10!
Missing character: There is no ú in font cmr10!
Missing character: There is no ‚ in font cmr10!
Missing character: There is no Ä in font cmr10!
Missing character: There is no ò in font cmr10!
Missing character: There is no Ô in font cmr10!
Missing character: There is no ¨ in font cmr10!
Missing character: There is no Ç in font cmr10!
Missing character: There is no ‚ in font cmr10!
Missing character: There is no Ä in font cmr10!
Missing character: There is no ô in font cmr10!
Missing character: There is no ‚ in font cmr10!
Missing character: There is no Ä in font cmr10!
Missing character: There is no ù in font cmr10!

Overfull \hbox (157.91672pt too wide) in paragraph at lines 1031--1035
\OT1/cmr/m/n/10 paq/HP for-tran com-piler on Linux Al-phas, check the fol-low-i
ng page: http://linux.iol.unh.edu/linux/fortran/faq/cfal-
 []

[26]
Missing character: There is no ‚ in font cmr10!
Missing character: There is no Ä in font cmr10!
Missing character: There is no ú in font cmr10!
Missing character: There is no ‚ in font cmr10!
Missing character: There is no Ä in font cmr10!
Missing character: There is no ù in font cmr10!
Missing character: There is no ‚ in font cmr10!
Missing character: There is no Ä in font cmr10!
Missing character: There is no ú in font cmr10!
Missing character: There is no ‚ in font cmr10!
Missing character: There is no Ä in font cmr10!
Missing character: There is no ù in font cmr10!
Missing character: There is no ‚ in font cmr10!
Missing character: There is no Ä in font cmr10!
Missing character: There is no ú in font cmr10!
Missing character: There is no ‚ in font cmr10!
Missing character: There is no Ä in font cmr10!
Missing character: There is no ù in font cmr10!
Missing character: There is no Ô in font cmr10!
Missing character: There is no ¨ in font cmr10!
Missing character: There is no Ä in font cmr10!
Missing character: There is no ‚ in font cmr10!
Missing character: There is no Ä in font cmr10!
Missing character: There is no ô in font cmr10!
 [27] [28]
Overfull \hbox (64.49643pt too wide) in paragraph at lines 1143--1143
[] \OT1/cmtt/m/n/10 mpirun -np 4096 ./pw.x -nimage 8 -npool 2 -ntg 8 -ndiag 144
 -input myinput.in 
 []

Missing character: There is no Ô in font cmr10!
Missing character: There is no ¨ in font cmr10!
Missing character: There is no Ä in font cmr10!

Overfull \hbox (0.47165pt too wide) in paragraph at lines 1175--1182
[]\OT1/cmr/m/n/10 The for-mer case re-quires more disk I/O and disk space, but 
pro-duces portable
 []

[29] [30]
Overfull \hbox (71.62868pt too wide) in paragraph at lines 1244--1248
[]\OT1/cmr/m/n/10 env IOBUF[]PARAMS='*.wfc*:noflush:count=1:size=15M:verbose,*.
dat:count=2:size=50M:
 []


Overfull \hbox (108.88985pt too wide) in paragraph at lines 1244--1248
\OMS/cmsy/m/n/10 n$ \OT1/cmr/m/n/10 lazyflush:lazyclose:verbose,*.UPF*.xml:coun
t=8:size=8M:verbose'$\OMS/cmsy/m/n/10 n$ \OT1/cmr/m/n/10 pb-syod  /pwscf/pwscfc
vs/bin/pw.x
 []

Missing character: There is no ‚ in font cmr10!
Missing character: There is no Ä in font cmr10!
Missing character: There is no ú in font cmr10!
Missing character: There is no ‚ in font cmr10!
Missing character: There is no Ä in font cmr10!
Missing character: There is no ù in font cmr10!
Missing character: There is no ‚ in font cmr10!
Missing character: There is no Ä in font cmr10!
Missing character: There is no ú in font cmr10!
Missing character: There is no ‚ in font cmr10!
Missing character: There is no Ä in font cmr10!
Missing character: There is no ù in font cmr10!
Missing character: There is no ‚ in font cmr10!
Missing character: There is no Ä in font cmr10!
Missing character: There is no ú in font cmr10!
Missing character: There is no ‚ in font cmr10!
Missing character: There is no Ä in font cmr10!
Missing character: There is no ù in font cmr10!
Missing character: There is no ‚ in font cmr10!
Missing character: There is no Ä in font cmr10!
Missing character: There is no ú in font cmr10!
Missing character: There is no ‚ in font cmr10!
Missing character: There is no Ä in font cmr10!
Missing character: There is no ù in font cmr10!
Missing character: There is no ‚ in font cmr10!
Missing character: There is no Ä in font cmr10!
Missing character: There is no ú in font cmr10!
Missing character: There is no ‚ in font cmr10!
Missing character: There is no Ä in font cmr10!
Missing character: There is no ù in font cmr10!
[31]
Overfull \hbox (28.13974pt too wide) in paragraph at lines 1287--1290
\OT1/cmr/m/n/10 http://www.theochem.ruhr-uni-bochum.de/ axel.kohlmeyer/cpmd-lin
ux.html#endian 
 []

Missing character: There is no Ô in font cmr10!
Missing character: There is no ¨ in font cmr10!
Missing character: There is no Ä in font cmr10!
Missing character: There is no Ô in font cmr10!
Missing character: There is no ¨ in font cmr10!
Missing character: There is no Ä in font cmr10!
Missing character: There is no Ô in font cmr10!
Missing character: There is no ¨ in font cmr10!
Missing character: There is no Ñ in font cmr10!

Overfull \hbox (25.33406pt too wide) in paragraph at lines 1306--1311
\OT1/cmr/m/n/10 in-cludes a PP gen-er-a-tion pack-age, in the di-rec-tory \OT1/
cmtt/m/n/10 atomic/ \OT1/cmr/m/n/10 (sources) and \OT1/cmtt/m/n/10 atomic[]doc/

 []

Missing character: There is no ‚ in font cmr10!
Missing character: There is no Ä in font cmr10!
Missing character: There is no ô in font cmr10!

Overfull \hbox (96.69536pt too wide) in paragraph at lines 1313--1314
[]\OT1/cmr/m/n/10 David Van-der-bilts code (Ul-tra-Soft PPs): http://www.physic
s.rutgers.edu/ dhv/uspp/index.html 
 []

Missing character: There is no ‚ in font cmr10!
Missing character: There is no Ä in font cmr10!
Missing character: There is no ô in font cmr10!

Overfull \hbox (93.77873pt too wide) in paragraph at lines 1315--1316
[]\OT1/cmr/m/n/10 Fritz Habers code (Norm-Conserving PPs): http://www.fhi-berli
n.mpg.de/th/fhi98md/fhi98PP 
 []

Missing character: There is no ¬ in font cmr10!
Missing character: There is no ¥ in font cmr10!
Missing character: There is no ‚ in font cmr10!
Missing character: There is no Ä in font cmr10!
Missing character: There is no ô in font cmr10!

Overfull \hbox (76.61086pt too wide) in paragraph at lines 1316--1317
[]\OT1/cmr/m/n/10 Jose-Luis Mar-tins code (Norm-Conserving PPs): http://bohr.in
esc-mn.pt/ jlm/pseudo.html 
 []


Underfull \hbox (badness 10000) in paragraph at lines 1325--1326

 []

[32]
Missing character: There is no ‚ in font cmr10!
Missing character: There is no Ä in font cmr10!
Missing character: There is no ú in font cmr10!
Missing character: There is no ‚ in font cmr10!
Missing character: There is no Ä in font cmr10!
Missing character: There is no ù in font cmr10!
 [33]
Missing character: There is no ‚ in font cmr10!
Missing character: There is no Ä in font cmr10!
Missing character: There is no ú in font cmr10!
Missing character: There is no ‚ in font cmr10!
Missing character: There is no Ä in font cmr10!
Missing character: There is no ù in font cmr10!
Missing character: There is no ‚ in font cmr10!
Missing character: There is no Ä in font cmr10!
Missing character: There is no ú in font cmr10!
Missing character: There is no ‚ in font cmr10!
Missing character: There is no Ä in font cmr10!
Missing character: There is no ù in font cmr10!
Missing character: There is no ‚ in font cmr10!
Missing character: There is no Ä in font cmr10!
Missing character: There is no ô in font cmr10!
Missing character: There is no ‚ in font cmr10!
Missing character: There is no Ä in font cmr10!
Missing character: There is no ô in font cmr10!
Missing character: There is no ‚ in font cmr10!
Missing character: There is no Ä in font cmr10!
Missing character: There is no ô in font cmr10!

Overfull \hbox (22.4968pt too wide) in paragraph at lines 1392--1392
[]     \OT1/cmtt/m/n/10 &SYSTEM: structural information on the system under inv
estigation[] 
 []


Overfull \hbox (1.49698pt too wide) in paragraph at lines 1403--1403
[]     \OT1/cmtt/m/n/10 ecutwfc (real): kinetic energy cutoff (Ry) for wavefunc
tions.[] 
 []

Missing character: There is no ‚ in font cmr10!
Missing character: There is no Ä in font cmr10!
Missing character: There is no ô in font cmr10!
Missing character: There is no ‚ in font cmr10!
Missing character: There is no Ä in font cmr10!
Missing character: There is no ô in font cmr10!
Missing character: There is no ‚ in font cmr10!
Missing character: There is no Ä in font cmr10!
Missing character: There is no ô in font cmr10!
Missing character: There is no ‚ in font cmr10!
Missing character: There is no Ä in font cmr10!
Missing character: There is no ô in font cmr10!
Missing character: There is no ‚ in font cmr10!
Missing character: There is no Ä in font cmr10!
Missing character: There is no ô in font cmr10!
Missing character: There is no ‚ in font cmr10!
Missing character: There is no Ä in font cmr10!
Missing character: There is no ô in font cmr10!
[34]
Missing character: There is no ‚ in font cmr10!
Missing character: There is no Ä in font cmr10!
Missing character: There is no ô in font cmr10!
Missing character: There is no ‚ in font cmr10!
Missing character: There is no Ä in font cmr10!
Missing character: There is no ô in font cmr10!
Missing character: There is no ‚ in font cmr10!
Missing character: There is no Ä in font cmr10!
Missing character: There is no ô in font cmr10!
Missing character: There is no ‚ in font cmr10!
Missing character: There is no Ä in font cmr10!
Missing character: There is no ô in font cmr10!
Missing character: There is no ‚ in font cmr10!
Missing character: There is no Ä in font cmr10!
Missing character: There is no ô in font cmr10!
Missing character: There is no ‚ in font cmr10!
Missing character: There is no Ä in font cmr10!
Missing character: There is no ô in font cmr10!
Missing character: There is no ‚ in font cmr10!
Missing character: There is no Ä in font cmr10!
Missing character: There is no ô in font cmr10!
Missing character: There is no ‚ in font cmr10!
Missing character: There is no Ä in font cmr10!
Missing character: There is no ô in font cmr10!
Missing character: There is no ‚ in font cmr10!
Missing character: There is no Ä in font cmr10!
Missing character: There is no ô in font cmr10!
Missing character: There is no ‚ in font cmr10!
Missing character: There is no Ä in font cmr10!
Missing character: There is no ô in font cmr10!
Missing character: There is no ‚ in font cmr10!
Missing character: There is no Ä in font cmr10!
Missing character: There is no ô in font cmr10!
Missing character: There is no ‚ in font cmr10!
Missing character: There is no Ä in font cmr10!
Missing character: There is no ô in font cmr10!

Overfull \hbox (15.21541pt too wide) in paragraph at lines 1455--1456
[]\OT1/cmr/bx/n/10 structural op-ti-miza-tion: \OT1/cmr/m/n/10 Spec-ify cal-cu-
la-tion=relax and add namelist &IONS. 
 []

[35]
Missing character: There is no ‚ in font cmr10!
Missing character: There is no Ä in font cmr10!
Missing character: There is no ô in font cmr10!
Missing character: There is no ‚ in font cmr10!
Missing character: There is no Ä in font cmr10!
Missing character: There is no ô in font cmr10!
Missing character: There is no ‚ in font cmr10!
Missing character: There is no Ä in font cmr10!
Missing character: There is no ô in font cmr10!
Missing character: There is no ‚ in font cmr10!
Missing character: There is no Ä in font cmr10!
Missing character: There is no ô in font cmr10!
Missing character: There is no ‚ in font cmr10!
Missing character: There is no Ä in font cmr10!
Missing character: There is no ô in font cmr10!
Missing character: There is no ‚ in font cmr10!
Missing character: There is no Ä in font cmr10!
Missing character: There is no ô in font cmr10!
 [36]
Missing character: There is no ‚ in font cmr10!
Missing character: There is no Ä in font cmr10!
Missing character: There is no ô in font cmr10!
Missing character: There is no ‚ in font cmr10!
Missing character: There is no Ä in font cmr10!
Missing character: There is no ô in font cmr10!
Missing character: There is no Ô in font cmr10!
Missing character: There is no ¨ in font cmr10!
Missing character: There is no Ä in font cmr10!
Missing character: There is no Ô in font cmr10!
Missing character: There is no ¨ in font cmr10!
Missing character: There is no É in font cmr10!
 [37]
Missing character: There is no Ô in font cmr10!
Missing character: There is no ¨ in font cmr10!
Missing character: There is no É in font cmr10!
Missing character: There is no Ô in font cmr10!
Missing character: There is no ¨ in font cmr10!
Missing character: There is no É in font cmr10!
Missing character: There is no Ô in font cmr10!
Missing character: There is no ¨ in font cmr10!
Missing character: There is no É in font cmr10!
 [38]
Missing character: There is no ¬ in font cmr10!
Missing character: There is no ® in font cmr10!
Missing character: There is no ‚ in font cmr10!
Missing character: There is no Ä in font cmr10!
Missing character: There is no ú in font cmr10!
Missing character: There is no ‚ in font cmr10!
Missing character: There is no Ä in font cmr10!
Missing character: There is no ù in font cmr10!
Missing character: There is no Ô in font cmtt10!
Missing character: There is no ¨ in font cmtt10!
Missing character: There is no Ä in font cmtt10!
 [39]
Missing character: There is no ‚ in font cmtt10!
Missing character: There is no Ä in font cmtt10!
Missing character: There is no ô in font cmtt10!
Missing character: There is no ‚ in font cmtt10!
Missing character: There is no Ä in font cmtt10!
Missing character: There is no ô in font cmtt10!
Missing character: There is no ‚ in font cmtt10!
Missing character: There is no Ä in font cmtt10!
Missing character: There is no ô in font cmtt10!
Missing character: There is no ‚ in font cmtt10!
Missing character: There is no Ä in font cmtt10!
Missing character: There is no ô in font cmtt10!
Missing character: There is no ‚ in font cmtt10!
Missing character: There is no Ä in font cmtt10!
Missing character: There is no ô in font cmtt10!
Missing character: There is no ‚ in font cmtt10!
Missing character: There is no Ä in font cmtt10!
Missing character: There is no ô in font cmtt10!
Missing character: There is no ‚ in font cmtt10!
Missing character: There is no Ä in font cmtt10!
Missing character: There is no ô in font cmtt10!
Missing character: There is no ‚ in font cmtt10!
Missing character: There is no Ä in font cmtt10!
Missing character: There is no ô in font cmtt10!
Missing character: There is no ‚ in font cmtt10!
Missing character: There is no Ä in font cmtt10!
Missing character: There is no ô in font cmtt10!
Missing character: There is no ‚ in font cmtt10!
Missing character: There is no Ä in font cmtt10!
Missing character: There is no ô in font cmtt10!
Missing character: There is no ‚ in font cmtt10!
Missing character: There is no Ä in font cmtt10!
Missing character: There is no ô in font cmtt10!
Missing character: There is no ‚ in font cmtt10!
Missing character: There is no Ä in font cmtt10!
Missing character: There is no ô in font cmtt10!
Missing character: There is no ‚ in font cmtt10!
Missing character: There is no Ä in font cmtt10!
Missing character: There is no ô in font cmtt10!
Missing character: There is no ‚ in font cmtt10!
Missing character: There is no Ä in font cmtt10!
Missing character: There is no ô in font cmtt10!
Missing character: There is no ‚ in font cmtt10!
Missing character: There is no Ä in font cmtt10!
Missing character: There is no ô in font cmtt10!
Missing character: There is no ‚ in font cmtt10!
Missing character: There is no Ä in font cmtt10!
Missing character: There is no ô in font cmtt10!
Missing character: There is no ‚ in font cmtt10!
Missing character: There is no Ä in font cmtt10!
Missing character: There is no ô in font cmtt10!
Missing character: There is no ‚ in font cmtt10!
Missing character: There is no Ä in font cmtt10!
Missing character: There is no ô in font cmtt10!
Missing character: There is no ‚ in font cmtt10!
Missing character: There is no Ä in font cmtt10!
Missing character: There is no ô in font cmtt10!
Missing character: There is no ‚ in font cmtt10!
Missing character: There is no Ä in font cmtt10!
Missing character: There is no ô in font cmtt10!
 [40]
Missing character: There is no ‚ in font cmr10!
Missing character: There is no Ä in font cmr10!
Missing character: There is no ô in font cmr10!
Missing character: There is no ‚ in font cmr10!
Missing character: There is no Ä in font cmr10!
Missing character: There is no ô in font cmr10!
Missing character: There is no ‚ in font cmr10!
Missing character: There is no Ä in font cmr10!
Missing character: There is no ô in font cmr10!
Missing character: There is no ‚ in font cmr10!
Missing character: There is no Ä in font cmr10!
Missing character: There is no ô in font cmr10!
Missing character: There is no Ô in font cmr10!
Missing character: There is no ¨ in font cmr10!
Missing character: There is no Ä in font cmr10!
Missing character: There is no Ô in font cmr10!
Missing character: There is no ¨ in font cmr10!
Missing character: There is no Ä in font cmr10!
Missing character: There is no ‚ in font cmr10!
Missing character: There is no à in font cmr10!
Missing character: There is no º in font cmr10!
Missing character: There is no ‚ in font cmr10!
Missing character: There is no à in font cmr10!
Missing character: There is no í in font cmr10!
Missing character: There is no ‚ in font cmtt10!
Missing character: There is no Ä in font cmtt10!
Missing character: There is no ô in font cmtt10!
Missing character: There is no ‚ in font cmtt10!
Missing character: There is no Ä in font cmtt10!
Missing character: There is no ô in font cmtt10!
Missing character: There is no ‚ in font cmtt10!
Missing character: There is no Ä in font cmtt10!
Missing character: There is no ô in font cmtt10!
Missing character: There is no ‚ in font cmtt10!
Missing character: There is no Ä in font cmtt10!
Missing character: There is no ô in font cmtt10!
 [41]
Missing character: There is no ‚ in font cmr10!
Missing character: There is no Ä in font cmr10!
Missing character: There is no ú in font cmr10!
Missing character: There is no ‚ in font cmr10!
Missing character: There is no Ä in font cmr10!
Missing character: There is no ù in font cmr10!
Missing character: There is no ‚ in font cmr10!
Missing character: There is no à in font cmr10!
Missing character: There is no º in font cmr10!
Missing character: There is no ‚ in font cmr10!
Missing character: There is no à in font cmr10!
Missing character: There is no í in font cmr10!
Missing character: There is no ‚ in font cmr10!
Missing character: There is no à in font cmr10!
Missing character: There is no º in font cmr10!
Missing character: There is no ‚ in font cmr10!
Missing character: There is no à in font cmr10!
Missing character: There is no í in font cmr10!
Missing character: There is no ‚ in font cmr10!
Missing character: There is no Ä in font cmr10!
Missing character: There is no ú in font cmr10!
Missing character: There is no ‚ in font cmr10!
Missing character: There is no Ä in font cmr10!
Missing character: There is no ù in font cmr10!
Missing character: There is no ‚ in font cmtt10!
Missing character: There is no Ä in font cmtt10!
Missing character: There is no ô in font cmtt10!
Missing character: There is no ‚ in font cmtt10!
Missing character: There is no Ä in font cmtt10!
Missing character: There is no ô in font cmtt10!

Overfull \hbox (11.99689pt too wide) in paragraph at lines 1734--1734
[]        \OT1/cmtt/m/n/10 Change also the ionic masses to accelerate the minim
ization:[] 
 []

Missing character: There is no ‚ in font cmr10!
Missing character: There is no à in font cmr10!
Missing character: There is no º in font cmr10!
Missing character: There is no ‚ in font cmtt10!
Missing character: There is no Ä in font cmtt10!
Missing character: There is no ô in font cmtt10!
Missing character: There is no ‚ in font cmtt10!
Missing character: There is no Ä in font cmtt10!
Missing character: There is no ô in font cmtt10!
Missing character: There is no ‚ in font cmtt10!
Missing character: There is no Ä in font cmtt10!
Missing character: There is no ô in font cmtt10!
Missing character: There is no ‚ in font cmtt10!
Missing character: There is no Ä in font cmtt10!
Missing character: There is no ô in font cmtt10!
[42]
Missing character: There is no ‚ in font cmtt10!
Missing character: There is no Ä in font cmtt10!
Missing character: There is no ô in font cmtt10!
Missing character: There is no ‚ in font cmtt10!
Missing character: There is no Ä in font cmtt10!
Missing character: There is no ô in font cmtt10!
Missing character: There is no ‚ in font cmtt10!
Missing character: There is no Ä in font cmtt10!
Missing character: There is no ô in font cmtt10!
Missing character: There is no ‚ in font cmtt10!
Missing character: There is no Ä in font cmtt10!
Missing character: There is no ô in font cmtt10!
Missing character: There is no ‚ in font cmr10!
Missing character: There is no Ä in font cmr10!
Missing character: There is no ô in font cmr10!
Missing character: There is no Ô in font cmr10!
Missing character: There is no ¨ in font cmr10!
Missing character: There is no Ä in font cmr10!
 [43]
Missing character: There is no ‚ in font cmtt10!
Missing character: There is no Ä in font cmtt10!
Missing character: There is no ô in font cmtt10!
Missing character: There is no ‚ in font cmtt10!
Missing character: There is no Ä in font cmtt10!
Missing character: There is no ô in font cmtt10!
Missing character: There is no Ô in font cmr10!
Missing character: There is no ¨ in font cmr10!
Missing character: There is no Ä in font cmr10!
Missing character: There is no Ô in font cmr10!
Missing character: There is no ¨ in font cmr10!
Missing character: There is no Ä in font cmr10!
Missing character: There is no Ô in font cmr10!
Missing character: There is no ¨ in font cmr10!
Missing character: There is no Ä in font cmr10!
Missing character: There is no ‚ in font cmr10!
Missing character: There is no Ä in font cmr10!
Missing character: There is no ô in font cmr10!
Missing character: There is no ‚ in font cmr10!
Missing character: There is no Ä in font cmr10!
Missing character: There is no ô in font cmr10!
Missing character: There is no ‚ in font cmtt10!
Missing character: There is no Ä in font cmtt10!
Missing character: There is no ô in font cmtt10!
Missing character: There is no ‚ in font cmtt10!
Missing character: There is no Ä in font cmtt10!
Missing character: There is no ô in font cmtt10!
Missing character: There is no ‚ in font cmtt10!
Missing character: There is no Ä in font cmtt10!
Missing character: There is no ô in font cmtt10!
Missing character: There is no ‚ in font cmtt10!
Missing character: There is no Ä in font cmtt10!
Missing character: There is no ô in font cmtt10!
 [44]
Missing character: There is no ‚ in font cmtt10!
Missing character: There is no Ä in font cmtt10!
Missing character: There is no ô in font cmtt10!
Missing character: There is no ‚ in font cmtt10!
Missing character: There is no Ä in font cmtt10!
Missing character: There is no ô in font cmtt10!
Missing character: There is no ‚ in font cmtt10!
Missing character: There is no Ä in font cmtt10!
Missing character: There is no ô in font cmtt10!
Missing character: There is no ‚ in font cmtt10!
Missing character: There is no Ä in font cmtt10!
Missing character: There is no ô in font cmtt10!
Missing character: There is no ‚ in font cmr10!
Missing character: There is no Ä in font cmr10!
Missing character: There is no ô in font cmr10!
Missing character: There is no ‚ in font cmr10!
Missing character: There is no Ä in font cmr10!
Missing character: There is no ô in font cmr10!
Missing character: There is no ‚ in font cmtt10!
Missing character: There is no Ä in font cmtt10!
Missing character: There is no ô in font cmtt10!
Missing character: There is no ‚ in font cmtt10!
Missing character: There is no Ä in font cmtt10!
Missing character: There is no ô in font cmtt10!
Missing character: There is no ‚ in font cmtt10!
Missing character: There is no Ä in font cmtt10!
Missing character: There is no ô in font cmtt10!
Missing character: There is no ‚ in font cmtt10!
Missing character: There is no Ä in font cmtt10!
Missing character: There is no ô in font cmtt10!
Missing character: There is no ‚ in font cmtt10!
Missing character: There is no Ä in font cmtt10!
Missing character: There is no ô in font cmtt10!
Missing character: There is no ‚ in font cmtt10!
Missing character: There is no Ä in font cmtt10!
Missing character: There is no ô in font cmtt10!
Missing character: There is no ‚ in font cmtt10!
Missing character: There is no Ä in font cmtt10!
Missing character: There is no ô in font cmtt10!
Missing character: There is no ‚ in font cmtt10!
Missing character: There is no Ä in font cmtt10!
Missing character: There is no ô in font cmtt10!
Missing character: There is no ‚ in font cmtt10!
Missing character: There is no Ä in font cmtt10!
Missing character: There is no ô in font cmtt10!
Missing character: There is no ‚ in font cmtt10!
Missing character: There is no Ä in font cmtt10!
Missing character: There is no ô in font cmtt10!
Missing character: There is no ‚ in font cmtt10!
Missing character: There is no Ä in font cmtt10!
Missing character: There is no ô in font cmtt10!
Missing character: There is no ‚ in font cmtt10!
Missing character: There is no Ä in font cmtt10!
Missing character: There is no ô in font cmtt10!
Missing character: There is no ‚ in font cmtt10!
Missing character: There is no Ä in font cmtt10!
Missing character: There is no ô in font cmtt10!
Missing character: There is no ‚ in font cmtt10!
Missing character: There is no Ä in font cmtt10!
Missing character: There is no ô in font cmtt10!
 [45]
Missing character: There is no ‚ in font cmti10!
Missing character: There is no Ä in font cmti10!
Missing character: There is no ú in font cmti10!
Missing character: There is no ‚ in font cmti10!
Missing character: There is no Ä in font cmti10!
Missing character: There is no ù in font cmti10!
Missing character: There is no ‚ in font cmti10!
Missing character: There is no Ä in font cmti10!
Missing character: There is no ú in font cmti10!
Missing character: There is no ‚ in font cmti10!
Missing character: There is no Ä in font cmti10!
Missing character: There is no ù in font cmti10!

Underfull \hbox (badness 10000) in paragraph at lines 1877--1878

 []

[46]
Overfull \hbox (2.86916pt too wide) in paragraph at lines 1907--1911
\OT1/cmr/m/n/10 Mauri's cor-rec-tion. Re-mem-ber to add an extra-column in ATOM
IC[]POSITIONS
 []


Overfull \hbox (44.04321pt too wide) in paragraph at lines 1914--1916
\OT1/cmr/m/n/10 H[]2O. In any case, a com-plete ab-initio ap-proach is fol-lowe
d us-ing \OT1/cmr/m/it/10 sic[]alpha=sic[]epsilon=1\OT1/cmr/m/n/10 . 
 []

[47] [48]
Overfull \hbox (27.74675pt too wide) in paragraph at lines 2002--2002
[]            \OT1/cmtt/m/n/10 celldm(1)= 21.694d0, celldm(2)= 1.00D0, celldm(3
)= 2.121D0,[] 
 []


Overfull \hbox (6.74693pt too wide) in paragraph at lines 2002--2002
[]            \OT1/cmtt/m/n/10 celldm(4)= 0.0d0,   celldm(5)= 0.0d0, celldm(6)=
 0.0d0,[] 
 []

[49]
Missing character: There is no œ in font cmr10!
Missing character: There is no à in font cmr10!
Missing character: There is no œ in font cmr10!
Missing character: There is no à in font cmr10!
 [50]
Missing character: There is no œ in font cmr10!
Missing character: There is no à in font cmr10!
Missing character: There is no ‚ in font cmr10!
Missing character: There is no à in font cmr10!
Missing character: There is no º in font cmr10!
Missing character: There is no ‚ in font cmr10!
Missing character: There is no à in font cmr10!
Missing character: There is no º in font cmr10!
Missing character: There is no Œ in font cmr10!
Missing character: There is no ì in font cmr10!
 [51]
Missing character: There is no ¬ in font cmr10!
Missing character: There is no ∑ in font cmr10!
Missing character: There is no ‚ in font cmr10!
Missing character: There is no Ä in font cmr10!
Missing character: There is no ô in font cmr10!
Missing character: There is no ‚ in font cmr10!
Missing character: There is no Ä in font cmr10!
Missing character: There is no ô in font cmr10!
Missing character: There is no ‚ in font cmr10!
Missing character: There is no Ä in font cmr10!
Missing character: There is no ô in font cmr10!
Missing character: There is no ‚ in font cmr10!
Missing character: There is no Ä in font cmr10!
Missing character: There is no ô in font cmr10!
Missing character: There is no ‚ in font cmr10!
Missing character: There is no Ä in font cmr10!
Missing character: There is no ô in font cmr10!
Missing character: There is no ‚ in font cmr10!
Missing character: There is no Ä in font cmr10!
Missing character: There is no ô in font cmr10!
Missing character: There is no Ô in font cmr10!
Missing character: There is no ¨ in font cmr10!
Missing character: There is no Ä in font cmr10!
 [52]
Missing character: There is no Ô in font cmr10!
Missing character: There is no ¨ in font cmr10!
Missing character: There is no Ä in font cmr10!
Missing character: There is no ‚ in font cmr10!
Missing character: There is no Ä in font cmr10!
Missing character: There is no ú in font cmr10!
Missing character: There is no ‚ in font cmr10!
Missing character: There is no Ä in font cmr10!
Missing character: There is no ù in font cmr10!
 [53]
Missing character: There is no ‚ in font cmr10!
Missing character: There is no Ä in font cmr10!
Missing character: There is no ô in font cmr10!
Missing character: There is no ‚ in font cmr10!
Missing character: There is no Ä in font cmr10!
Missing character: There is no ì in font cmr10!
Missing character: There is no ‚ in font cmr10!
Missing character: There is no Ä in font cmr10!
Missing character: There is no ì in font cmr10!
Missing character: There is no ‚ in font cmr10!
Missing character: There is no Ä in font cmr10!
Missing character: There is no ú in font cmr10!
Missing character: There is no ‚ in font cmr10!
Missing character: There is no Ä in font cmr10!
Missing character: There is no ù in font cmr10!
Missing character: There is no ‚ in font cmr10!
Missing character: There is no Ä in font cmr10!
Missing character: There is no ò in font cmr10!
Missing character: There is no ‚ in font cmr10!
Missing character: There is no Ä in font cmr10!
Missing character: There is no ù in font cmr10!
Missing character: There is no ‚ in font cmr10!
Missing character: There is no Ä in font cmr10!
Missing character: There is no ò in font cmr10!
Missing character: There is no ‚ in font cmr10!
Missing character: There is no Ä in font cmr10!
Missing character: There is no ô in font cmr10!
Missing character: There is no ‚ in font cmr10!
Missing character: There is no Ä in font cmr10!
Missing character: There is no ú in font cmr10!
Missing character: There is no ‚ in font cmr10!
Missing character: There is no Ä in font cmr10!
Missing character: There is no ù in font cmr10!
Missing character: There is no ‚ in font cmr10!
Missing character: There is no Ä in font cmr10!
Missing character: There is no ú in font cmr10!
Missing character: There is no ‚ in font cmr10!
Missing character: There is no Ä in font cmr10!
Missing character: There is no ù in font cmr10!
Missing character: There is no Ô in font cmr10!
Missing character: There is no ¨ in font cmr10!
Missing character: There is no Ä in font cmr10!
 [54]
Missing character: There is no Ô in font cmr10!
Missing character: There is no ¨ in font cmr10!
Missing character: There is no Ç in font cmr10!
Missing character: There is no ‚ in font cmr10!
Missing character: There is no Ä in font cmr10!
Missing character: There is no ô in font cmr10!
Missing character: There is no ‚ in font cmr10!
Missing character: There is no Ä in font cmr10!
Missing character: There is no ô in font cmr10!
Missing character: There is no Ô in font cmr10!
Missing character: There is no ¨ in font cmr10!
Missing character: There is no Ç in font cmr10!
Missing character: There is no ‚ in font cmr10!
Missing character: There is no Ä in font cmr10!
Missing character: There is no ô in font cmr10!
Missing character: There is no ‚ in font cmr10!
Missing character: There is no Ä in font cmr10!
Missing character: There is no ô in font cmr10!
Missing character: There is no Ô in font cmr10!
Missing character: There is no ¨ in font cmr10!
Missing character: There is no Ä in font cmr10!
Missing character: There is no Ô in font cmr10!
Missing character: There is no ¨ in font cmr10!
Missing character: There is no Ä in font cmr10!
Missing character: There is no ‚ in font cmr10!
Missing character: There is no Ä in font cmr10!
Missing character: There is no ô in font cmr10!
Missing character: There is no ‚ in font cmr10!
Missing character: There is no Ä in font cmr10!
Missing character: There is no ô in font cmr10!
 [55]
Missing character: There is no Ô in font cmbx10!
Missing character: There is no ¨ in font cmbx10!
Missing character: There is no Ç in font cmbx10!
Missing character: There is no Ô in font cmbx10!
Missing character: There is no ¨ in font cmbx10!
Missing character: There is no Ç in font cmbx10!
Missing character: There is no ‚ in font cmr10!
Missing character: There is no Ä in font cmr10!
Missing character: There is no ô in font cmr10!
Missing character: There is no ‚ in font cmr10!
Missing character: There is no Ä in font cmr10!
Missing character: There is no ô in font cmr10!
Missing character: There is no ‚ in font cmr10!
Missing character: There is no Ä in font cmr10!
Missing character: There is no ô in font cmr10!
Missing character: There is no Ô in font cmr10!
Missing character: There is no ¨ in font cmr10!
Missing character: There is no Ä in font cmr10!
Missing character: There is no ‚ in font cmr10!
Missing character: There is no Ä in font cmr10!
Missing character: There is no ô in font cmr10!
Missing character: There is no ‚ in font cmr10!
Missing character: There is no Ä in font cmr10!
Missing character: There is no ô in font cmr10!
 [56]
Missing character: There is no ‚ in font cmr10!
Missing character: There is no Ä in font cmr10!
Missing character: There is no ô in font cmr10!

Overfull \hbox (26.21196pt too wide) in paragraph at lines 2244--2245
\OT1/cmr/m/n/10 September/007176.html , http://www.democritos.it/pipermail/pw[]
forum/2007-
 []


Overfull \hbox (57.46196pt too wide) in paragraph at lines 2252--2253
[]\OT1/cmr/m/n/10 See also info from Axel Kohlmeyer: http://www.democritos.it/p
ipermail/pw[]forum/2005-
 []

Missing character: There is no Ô in font cmr10!
Missing character: There is no ¨ in font cmr10!
Missing character: There is no Ç in font cmr10!
Missing character: There is no ‚ in font cmr10!
Missing character: There is no Ä in font cmr10!
Missing character: There is no ô in font cmr10!
Missing character: There is no ‚ in font cmr10!
Missing character: There is no Ä in font cmr10!
Missing character: There is no ô in font cmr10!
[57]
Missing character: There is no ‚ in font cmbx10!
Missing character: There is no Ä in font cmbx10!
Missing character: There is no ú in font cmbx10!
Missing character: There is no ‚ in font cmbx10!
Missing character: There is no Ä in font cmbx10!
Missing character: There is no ù in font cmbx10!
Missing character: There is no ‚ in font cmr10!
Missing character: There is no Ä in font cmr10!
Missing character: There is no ô in font cmr10!
Missing character: There is no ‚ in font cmr10!
Missing character: There is no Ä in font cmr10!
Missing character: There is no ô in font cmr10!
Missing character: There is no ‚ in font cmr10!
Missing character: There is no Ä in font cmr10!
Missing character: There is no ô in font cmr10!
Missing character: There is no ‚ in font cmr10!
Missing character: There is no Ä in font cmr10!
Missing character: There is no ô in font cmr10!
Missing character: There is no ‚ in font cmr10!
Missing character: There is no Ä in font cmr10!
Missing character: There is no ô in font cmr10!
Missing character: There is no ‚ in font cmr10!
Missing character: There is no Ä in font cmr10!
Missing character: There is no ô in font cmr10!
Missing character: There is no ‚ in font cmbx10!
Missing character: There is no Ä in font cmbx10!
Missing character: There is no ú in font cmbx10!
Missing character: There is no ‚ in font cmbx10!
Missing character: There is no Ä in font cmbx10!
Missing character: There is no ù in font cmbx10!
Missing character: There is no Ô in font cmr10!
Missing character: There is no ¨ in font cmr10!
Missing character: There is no É in font cmr10!
Missing character: There is no Ô in font cmr10!
Missing character: There is no ¨ in font cmr10!
Missing character: There is no É in font cmr10!
Missing character: There is no ‚ in font cmbx10!
Missing character: There is no Ä in font cmbx10!
Missing character: There is no ô in font cmbx10!
Missing character: There is no ‚ in font cmr10!
Missing character: There is no Ä in font cmr10!
Missing character: There is no ô in font cmr10!
Missing character: There is no ‚ in font cmr10!
Missing character: There is no Ä in font cmr10!
Missing character: There is no ô in font cmr10!
Missing character: There is no ‚ in font cmr10!
Missing character: There is no â in font cmr10!
Missing character: There is no • in font cmr10!
Missing character: There is no ‚ in font cmr10!
Missing character: There is no Ä in font cmr10!
Missing character: There is no ú in font cmr10!
Missing character: There is no ‚ in font cmr10!
Missing character: There is no Ä in font cmr10!
Missing character: There is no ù in font cmr10!
Missing character: There is no ‚ in font cmr10!
Missing character: There is no Ä in font cmr10!
Missing character: There is no ú in font cmr10!
Missing character: There is no ‚ in font cmr10!
Missing character: There is no Ä in font cmr10!
Missing character: There is no ù in font cmr10!
 [58]
Missing character: There is no Ô in font cmr10!
Missing character: There is no ¨ in font cmr10!
Missing character: There is no Ä in font cmr10!
Missing character: There is no Ô in font cmr10!
Missing character: There is no ¨ in font cmr10!
Missing character: There is no Ä in font cmr10!
Missing character: There is no Ô in font cmr10!
Missing character: There is no ¨ in font cmr10!
Missing character: There is no Ä in font cmr10!
Missing character: There is no Ô in font cmr10!
Missing character: There is no ¨ in font cmr10!
Missing character: There is no Ä in font cmr10!
Missing character: There is no Ô in font cmr10!
Missing character: There is no ¨ in font cmr10!
Missing character: There is no Ä in font cmr10!
Missing character: There is no Ô in font cmr10!
Missing character: There is no ¨ in font cmr10!
Missing character: There is no Ä in font cmr10!
Missing character: There is no Ô in font cmr10!
Missing character: There is no ¨ in font cmr10!
Missing character: There is no Ä in font cmr10!
Missing character: There is no Ô in font cmr10!
Missing character: There is no ¨ in font cmr10!
Missing character: There is no Ä in font cmr10!
Missing character: There is no ‚ in font cmr10!
Missing character: There is no Ä in font cmr10!
Missing character: There is no î in font cmr10!
Missing character: There is no ‚ in font cmr10!
Missing character: There is no Ä in font cmr10!
Missing character: There is no î in font cmr10!
Missing character: There is no ‚ in font cmbx10!
Missing character: There is no Ä in font cmbx10!
Missing character: There is no ô in font cmbx10!
 [59]
Missing character: There is no ‚ in font cmr10!
Missing character: There is no à in font cmr10!
Missing character: There is no í in font cmr10!
Missing character: There is no Ô in font cmr10!
Missing character: There is no ¨ in font cmr10!
Missing character: There is no Ä in font cmr10!
Missing character: There is no ‚ in font cmbx10!
Missing character: There is no Ä in font cmbx10!
Missing character: There is no ô in font cmbx10!
Missing character: There is no Ô in font cmbx10!
Missing character: There is no ¨ in font cmbx10!
Missing character: There is no Ä in font cmbx10!
Missing character: There is no Ô in font cmr10!
Missing character: There is no ¨ in font cmr10!
Missing character: There is no Ä in font cmr10!
Missing character: There is no Ô in font cmr10!
Missing character: There is no ¨ in font cmr10!
Missing character: There is no Ä in font cmr10!
Missing character: There is no ‚ in font cmr10!
Missing character: There is no à in font cmr10!
Missing character: There is no í in font cmr10!
Missing character: There is no ‚ in font cmr10!
Missing character: There is no à in font cmr10!
Missing character: There is no í in font cmr10!
Missing character: There is no ‚ in font cmr10!
Missing character: There is no à in font cmr10!
Missing character: There is no í in font cmr10!
Missing character: There is no Ô in font cmr10!
Missing character: There is no ¨ in font cmr10!
Missing character: There is no Ä in font cmr10!
 [60]
Missing character: There is no Ô in font cmr10!
Missing character: There is no ¨ in font cmr10!
Missing character: There is no Ä in font cmr10!
Missing character: There is no Ô in font cmr10!
Missing character: There is no ¨ in font cmr10!
Missing character: There is no Ä in font cmr10!
Missing character: There is no ‚ in font cmr10!
Missing character: There is no à in font cmr10!
Missing character: There is no º in font cmr10!
Missing character: There is no ‚ in font cmr10!
Missing character: There is no à in font cmr10!
Missing character: There is no í in font cmr10!
Missing character: There is no ‚ in font cmr10!
Missing character: There is no Ä in font cmr10!
Missing character: There is no ô in font cmr10!
Missing character: There is no ‚ in font cmr10!
Missing character: There is no Ä in font cmr10!
Missing character: There is no ô in font cmr10!
Missing character: There is no ‚ in font cmr10!
Missing character: There is no Ä in font cmr10!
Missing character: There is no ú in font cmr10!
Missing character: There is no ‚ in font cmr10!
Missing character: There is no Ä in font cmr10!
Missing character: There is no ù in font cmr10!
Missing character: There is no ‚ in font cmr10!
Missing character: There is no Ä in font cmr10!
Missing character: There is no ô in font cmr10!
Missing character: There is no Ô in font cmr10!
Missing character: There is no ¨ in font cmr10!
Missing character: There is no Ä in font cmr10!
Missing character: There is no Ô in font cmr10!
Missing character: There is no ¨ in font cmr10!
Missing character: There is no Ä in font cmr10!
 [61]
Missing character: There is no ‚ in font cmr10!
Missing character: There is no Ä in font cmr10!
Missing character: There is no ú in font cmr10!
Missing character: There is no Ô in font cmr10!
Missing character: There is no ¨ in font cmr10!
Missing character: There is no Ç in font cmr10!
Missing character: There is no ‚ in font cmr10!
Missing character: There is no Ä in font cmr10!
Missing character: There is no ù in font cmr10!
Missing character: There is no ‚ in font cmr10!
Missing character: There is no Ä in font cmr10!
Missing character: There is no î in font cmr10!
Missing character: There is no ‚ in font cmr10!
Missing character: There is no Ä in font cmr10!
Missing character: There is no î in font cmr10!
Missing character: There is no ‚ in font cmr10!
Missing character: There is no Ä in font cmr10!
Missing character: There is no ô in font cmr10!
Missing character: There is no ‚ in font cmr10!
Missing character: There is no Ä in font cmr10!
Missing character: There is no ô in font cmr10!
Missing character: There is no ‚ in font cmr10!
Missing character: There is no Ä in font cmr10!
Missing character: There is no ô in font cmr10!
 [62]
Missing character: There is no œ in font cmbx10!
Missing character: There is no â in font cmbx10!
Missing character: There is no ‚ in font cmr10!
Missing character: There is no à in font cmr10!
Missing character: There is no í in font cmr10!
Missing character: There is no ‚ in font cmr10!
Missing character: There is no à in font cmr10!
Missing character: There is no í in font cmr10!
Missing character: There is no œ in font cmr10!
Missing character: There is no â in font cmr10!
Missing character: There is no ‚ in font cmr10!
Missing character: There is no Ä in font cmr10!
Missing character: There is no ô in font cmr10!
Missing character: There is no ‚ in font cmr10!
Missing character: There is no à in font cmr10!
Missing character: There is no í in font cmr10!
 [63]
Missing character: There is no ‚ in font cmr10!
Missing character: There is no à in font cmr10!
Missing character: There is no í in font cmr10!
Missing character: There is no ‚ in font cmr10!
Missing character: There is no Ä in font cmr10!
Missing character: There is no ô in font cmr10!

Overfull \hbox (2.22516pt too wide) in paragraph at lines 2504--2507
 \OT1/cmr/bx/n/10 [edit] \OT1/cmr/bx/it/10 Why is con-fig-ure say-ing that I ha
ve no for-tran com-piler? \OT1/cmr/bx/n/10 A:\OT1/cmr/m/n/10 You
 []

[64]
Missing character: There is no ‚ in font cmr10!
Missing character: There is no Ä in font cmr10!
Missing character: There is no ú in font cmr10!
Missing character: There is no ‚ in font cmr10!
Missing character: There is no Ä in font cmr10!
Missing character: There is no ù in font cmr10!
 [65]
Overfull \hbox (1.7442pt too wide) in paragraph at lines 2551--2554
 \OT1/cmr/bx/n/10 [edit] \OT1/cmr/bx/it/10 Where can I find the crys-tal struc-
ture/atomic po-si-tions of XYZ?
 []


Overfull \hbox (53.44507pt too wide) in paragraph at lines 2551--2554
\OT1/cmr/bx/n/10 A: \OT1/cmr/m/n/10 The fol-low-ing site con-tains a lot of cry
s-tal struc-tures: http://cst-www.nrl.navy.mil/lattice
 []


Overfull \hbox (2.22296pt too wide) in paragraph at lines 2551--2554
\OT1/cmr/m/n/10 er-al-o-gist Crys-tal Struc-ture Database (http://rruff.geo.ari
zona.edu/AMS/amcsd)
 []


Overfull \hbox (7.93025pt too wide) in paragraph at lines 2556--2560
 \OT1/cmr/bx/n/10 [edit] \OT1/cmr/bx/it/10 Where can I find the Bril-louin Zone
/high-symmetry points/irreps
 []


Overfull \hbox (88.28632pt too wide) in paragraph at lines 2556--2560
\OT1/cmr/bx/it/10 for XYZ? \OT1/cmr/bx/n/10 A: \OT1/cmr/m/n/10 "You might find 
this web site use-ful: http://www.cryst.ehu.es/cryst/get[]kvec.html"
 []

Missing character: There is no ‚ in font cmr10!
Missing character: There is no Ä in font cmr10!
Missing character: There is no ú in font cmr10!
Missing character: There is no ‚ in font cmr10!
Missing character: There is no Ä in font cmr10!
Missing character: There is no ò in font cmr10!
Missing character: There is no ‚ in font cmr10!
Missing character: There is no Ä in font cmr10!
Missing character: There is no ô in font cmr10!
Missing character: There is no √ in font cmr10!
Missing character: There is no ∑ in font cmr10!
Missing character: There is no √ in font cmr10!
Missing character: There is no ∑ in font cmr10!
Missing character: There is no ‚ in font cmr10!
Missing character: There is no Ä in font cmr10!
Missing character: There is no ù in font cmr10!
[66]
Missing character: There is no ‚ in font cmr10!
Missing character: There is no Ä in font cmr10!
Missing character: There is no ò in font cmr10!
Missing character: There is no ‚ in font cmr10!
Missing character: There is no Ä in font cmr10!
Missing character: There is no ô in font cmr10!
Missing character: There is no ‚ in font cmr10!
Missing character: There is no Ä in font cmr10!
Missing character: There is no ò in font cmr10!
Missing character: There is no ‚ in font cmr10!
Missing character: There is no Ä in font cmr10!
Missing character: There is no ô in font cmr10!
Missing character: There is no ‚ in font cmr10!
Missing character: There is no Ä in font cmr10!
Missing character: There is no ô in font cmr10!
Missing character: There is no Ô in font cmr10!
Missing character: There is no ¨ in font cmr10!
Missing character: There is no Ä in font cmr10!
Missing character: There is no Ô in font cmr10!
Missing character: There is no ¨ in font cmr10!
Missing character: There is no Ä in font cmr10!
Missing character: There is no ‚ in font cmtt10!
Missing character: There is no à in font cmtt10!
Missing character: There is no ó in font cmtt10!
Missing character: There is no ‚ in font cmtt10!
Missing character: There is no à in font cmtt10!
Missing character: There is no ó in font cmtt10!
Missing character: There is no ‚ in font cmr10!
Missing character: There is no Ä in font cmr10!
Missing character: There is no ù in font cmr10!
Missing character: There is no ‚ in font cmr10!
Missing character: There is no Ä in font cmr10!
Missing character: There is no ú in font cmr10!
Missing character: There is no ‚ in font cmr10!
Missing character: There is no Ä in font cmr10!
Missing character: There is no ù in font cmr10!
 [67]
Missing character: There is no ‚ in font cmtt10!
Missing character: There is no à in font cmtt10!
Missing character: There is no í in font cmtt10!
Missing character: There is no ‚ in font cmtt10!
Missing character: There is no à in font cmtt10!
Missing character: There is no ó in font cmtt10!
Missing character: There is no ‚ in font cmtt10!
Missing character: There is no à in font cmtt10!
Missing character: There is no í in font cmtt10!
Missing character: There is no ‚ in font cmtt10!
Missing character: There is no à in font cmtt10!
Missing character: There is no ó in font cmtt10!
Missing character: There is no ‚ in font cmtt10!
Missing character: There is no à in font cmtt10!
Missing character: There is no ó in font cmtt10!
Missing character: There is no œ in font cmr10!
Missing character: There is no Ñ in font cmr10!
Missing character: There is no ‚ in font cmr10!
Missing character: There is no Ä in font cmr10!
Missing character: There is no ô in font cmr10!
Missing character: There is no ‚ in font cmr10!
Missing character: There is no Ä in font cmr10!
Missing character: There is no ú in font cmr10!
Missing character: There is no ‚ in font cmr10!
Missing character: There is no Ä in font cmr10!
Missing character: There is no ù in font cmr10!
Missing character: There is no œ in font cmtt10!
Missing character: There is no Ñ in font cmtt10!
Missing character: There is no œ in font cmtt10!
Missing character: There is no Ñ in font cmtt10!
Missing character: There is no œ in font cmtt10!
Missing character: There is no Ñ in font cmtt10!
 [68]
Overfull \hbox (17.64699pt too wide) in paragraph at lines 2691--2693
[]\OT1/cmr/m/n/10 To make a spin-orbit cal-cu-la-tion non-colin must be true. I
f start-ing[]magnetization
 []

Missing character: There is no œ in font cmtt10!
Missing character: There is no Ü in font cmtt10!
Missing character: There is no œ in font cmtt10!
Missing character: There is no Ü in font cmtt10!
Missing character: There is no œ in font cmtt10!
Missing character: There is no Ü in font cmtt10!
Missing character: There is no œ in font cmtt10!
Missing character: There is no Ü in font cmtt10!
Missing character: There is no œ in font cmtt10!
Missing character: There is no Ü in font cmtt10!
Missing character: There is no œ in font cmtt10!
Missing character: There is no Ü in font cmtt10!
Missing character: There is no Œ in font cmr10!
Missing character: There is no ∏ in font cmr10!
Missing character: There is no œ in font cmr10!
Missing character: There is no Ü in font cmr10!
[69]
Missing character: There is no ‚ in font cmr10!
Missing character: There is no Ä in font cmr10!
Missing character: There is no ú in font cmr10!
Missing character: There is no ‚ in font cmr10!
Missing character: There is no Ä in font cmr10!
Missing character: There is no ù in font cmr10!

Overfull \hbox (106.63893pt too wide) in paragraph at lines 2718--2725
[]\OT1/cmr/m/n/10 Please fol-low http://dx.doi.org/10.1016/0010-4655(94)00164-W
 and http://dx.doi.org/10.1016/0010-
 []


Overfull \hbox (2.92174pt too wide) in paragraph at lines 2734--2738
[]\OT1/cmr/m/n/10 Recently I also found that the pa-ram-e-ters tr2[]ph for the 
phonons and conv[]thr
 []


Overfull \hbox (56.40639pt too wide) in paragraph at lines 2762--2763
[]\OT1/cmr/m/n/10 Retrieved from "http://www.quantum-espresso.org/wiki/index.ph
p/Printable[]Quantum-
 []

[70] [71] (./user_guide.aux) ) 
Here is how much of TeX's memory you used:
 257 strings out of 94500
 2849 string characters out of 1173670
 52348 words of memory out of 1000000
 3493 multiletter control sequences out of 10000+50000
 8163 words of font info for 29 fonts, out of 500000 for 2000
 580 hyphenation exceptions out of 1000
 23i,6n,19p,638b,245s stack positions out of 1500i,500n,5000p,200000b,5000s
PDF statistics:
 252 PDF objects out of 300000
 0 named destinations out of 131072
 1 words of extra memory for PDF output out of 65536
</usr/share/texmf/fonts/type1/bluesky/cm/cmbxti10
.pfb></usr/share/texmf/fonts/type1/bluesky/cm/cmtt10.pfb></usr/share/texmf/font
s/type1/bluesky/cm/cmbx10.pfb></usr/share/texmf/fonts/type1/bluesky/cm/cmti10.p
fb></usr/share/texmf/fonts/type1/bluesky/cm/cmsy10.pfb></usr/share/texmf/fonts/
type1/bluesky/cm/cmr10.pfb></usr/share/texmf/fonts/type1/bluesky/cm/cmbx12.pfb>
</usr/share/texmf/fonts/type1/bluesky/cm/cmr12.pfb></usr/share/texmf/fonts/type
1/bluesky/cm/cmr17.pfb>
Output written on user_guide.pdf (71 pages, 308099 bytes).
