\BOOKMARK [1][-]{section.1}{Introduction}{}
\BOOKMARK [2][-]{subsection.1.1}{Codes}{section.1}
\BOOKMARK [2][-]{subsection.1.2}{People}{section.1}
\BOOKMARK [2][-]{subsection.1.3}{Contacts}{section.1}
\BOOKMARK [2][-]{subsection.1.4}{Terms of use}{section.1}
\BOOKMARK [1][-]{section.2}{Installation}{}
\BOOKMARK [2][-]{subsection.2.1}{Configure}{section.2}
\BOOKMARK [3][-]{subsubsection.2.1.1}{Libraries}{subsection.2.1}
\BOOKMARK [3][-]{subsubsection.2.1.2}{Manual configuration}{subsection.2.1}
\BOOKMARK [2][-]{subsection.2.2}{Compile}{section.2}
\BOOKMARK [2][-]{subsection.2.3}{Run examples}{section.2}
\BOOKMARK [2][-]{subsection.2.4}{Installation Issues}{section.2}
\BOOKMARK [1][-]{section.3}{Running on parallel machines}{}
\BOOKMARK [1][-]{section.4}{Pseudopotentials}{}
\BOOKMARK [1][-]{section.5}{Using PWscf}{}
\BOOKMARK [2][-]{subsection.5.1}{Electronic and ionic structure calculations}{section.5}
\BOOKMARK [3][-]{subsubsection.5.1.1}{Input data}{subsection.5.1}
\BOOKMARK [3][-]{subsubsection.5.1.2}{Typical cases}{subsection.5.1}
\BOOKMARK [2][-]{subsection.5.2}{Phonon calculations}{section.5}
\BOOKMARK [3][-]{subsubsection.5.2.1}{Calculation of interatomic force constants in real space}{subsection.5.2}
\BOOKMARK [3][-]{subsubsection.5.2.2}{Calculation of electron-phonon interaction coefficients}{subsection.5.2}
\BOOKMARK [2][-]{subsection.5.3}{Post-processing}{section.5}
\BOOKMARK [1][-]{section.6}{Using CP}{}
\BOOKMARK [1][-]{section.7}{Performance issues \(PWscf\)}{}
\BOOKMARK [2][-]{subsection.7.1}{CPU time requirements}{section.7}
\BOOKMARK [2][-]{subsection.7.2}{Memory requirements}{section.7}
\BOOKMARK [2][-]{subsection.7.3}{File space requirements}{section.7}
\BOOKMARK [2][-]{subsection.7.4}{Parallelization issues}{section.7}
\BOOKMARK [1][-]{section.8}{Troubleshooting \(PWscf\)}{}
\BOOKMARK [1][-]{section.9}{Frequently Asked Questions}{}
\BOOKMARK [2][-]{subsection.9.1}{Compilation/Installation}{section.9}
\BOOKMARK [2][-]{subsection.9.2}{In general}{section.9}
